#
# A fatal error has been detected by the Java Runtime Environment:
#
#  EXCEPTION_ACCESS_VIOLATION (0xc0000005) at pc=0x00007ffcf91e8cea, pid=8928, tid=11020
#
# JRE version: OpenJDK Runtime Environment Temurin-21.0.8+9 (21.0.8+9) (build 21.0.8+9-LTS)
# Java VM: OpenJDK 64-Bit Server VM Temurin-21.0.8+9 (21.0.8+9-LTS, mixed mode, sharing, tiered, compressed oops, compressed class ptrs, parallel gc, windows-amd64)
# Problematic frame:
# V  [jvm.dll+0x818cea]
#
# No core dump will be written. Minidumps are not enabled by default on client versions of Windows
#
# If you would like to submit a bug report, please visit:
#   https://github.com/adoptium/adoptium-support/issues
#

---------------  S U M M A R Y ------------

Command Line: --add-modules=ALL-SYSTEM --add-opens=java.base/java.util=ALL-UNNAMED --add-opens=java.base/java.lang=ALL-UNNAMED --add-opens=java.base/sun.nio.fs=ALL-UNNAMED -Declipse.application=org.eclipse.jdt.ls.core.id1 -Dosgi.bundles.defaultStartLevel=4 -Declipse.product=org.eclipse.jdt.ls.core.product -Djava.import.generatesMetadataFilesAtProjectRoot=false -DDetectVMInstallationsJob.disabled=true -Dfile.encoding=utf8 -XX:+UseParallelGC -XX:GCTimeRatio=4 -XX:AdaptiveSizePolicyWeight=90 -Dsun.zip.disableMemoryMapping=true -Xmx2G -Xms100m -Xlog:disable -javaagent:c:\Users\SENA\.vscode\extensions\redhat.java-1.45.0-win32-x64\lombok\lombok-1.18.39-4050.jar -XX:+HeapDumpOnOutOfMemoryError -XX:HeapDumpPath=c:\Users\SENA\AppData\Roaming\Code\User\workspaceStorage\53cea86af726badce9eb96622a746f7b\redhat.java -Daether.dependencyCollector.impl=bf c:\Users\SENA\.vscode\extensions\redhat.java-1.45.0-win32-x64\server\plugins\org.eclipse.equinox.launcher_1.7.0.v20250519-0528.jar -configuration c:\Users\SENA\AppData\Roaming\Code\User\globalStorage\redhat.java\1.45.0\config_win -data c:\Users\SENA\AppData\Roaming\Code\User\workspaceStorage\53cea86af726badce9eb96622a746f7b\redhat.java\jdt_ws --pipe=\\.\pipe\lsp-330a2fc52547f8dbcfae6f434a96faae-sock

Host: AMD Ryzen 5 PRO 2400G with Radeon Vega Graphics, 8 cores, 14G,  Windows 10 , 64 bit Build 19041 (10.0.19041.5915)
Time: Fri Sep 26 14:03:47 2025 Hora est. Pacífico, Sudamérica elapsed time: 150.267843 seconds (0d 0h 2m 30s)

---------------  T H R E A D  ---------------

Current thread (0x0000023bcfc5ea90):  JavaThread "Worker-4: Publish Diagnostics"        [_thread_in_vm, id=11020, stack(0x000000525d300000,0x000000525d400000) (1024K)]

Stack: [0x000000525d300000,0x000000525d400000],  sp=0x000000525d3fe530,  free space=1017k
Native frames: (J=compiled Java code, j=interpreted, Vv=VM code, C=native code)
V  [jvm.dll+0x818cea]
V  [jvm.dll+0x818de9]
V  [jvm.dll+0x3dbb2e]
C  0x0000023bf8128d5e

The last pc belongs to invokeinterface (printed below).
Java frames: (J=compiled Java code, j=interpreted, Vv=VM code)
j  org.eclipse.jdt.internal.compiler.lookup.LookupEnvironment.createPlainPackage([[C)Lorg/eclipse/jdt/internal/compiler/lookup/PlainPackageBinding;+226
j  org.eclipse.jdt.internal.compiler.lookup.CompilationUnitScope.buildTypeBindings(Lorg/eclipse/jdt/internal/compiler/env/AccessRestriction;)V+213
j  org.eclipse.jdt.internal.compiler.lookup.LookupEnvironment.buildTypeBindings(Lorg/eclipse/jdt/internal/compiler/ast/CompilationUnitDeclaration;Lorg/eclipse/jdt/internal/compiler/env/AccessRestriction;)V+111
j  org.eclipse.jdt.internal.compiler.Compiler.internalBeginToCompile([Lorg/eclipse/jdt/internal/compiler/env/ICompilationUnit;I)V+206
j  org.eclipse.jdt.internal.compiler.Compiler.beginToCompile([Lorg/eclipse/jdt/internal/compiler/env/ICompilationUnit;)V+19
j  org.eclipse.jdt.internal.compiler.Compiler.resolve(Lorg/eclipse/jdt/internal/compiler/ast/CompilationUnitDeclaration;Lorg/eclipse/jdt/internal/compiler/env/ICompilationUnit;ZZZ)Lorg/eclipse/jdt/internal/compiler/ast/CompilationUnitDeclaration;+18
j  org.eclipse.jdt.internal.compiler.Compiler.resolve(Lorg/eclipse/jdt/internal/compiler/env/ICompilationUnit;ZZZ)Lorg/eclipse/jdt/internal/compiler/ast/CompilationUnitDeclaration;+7
j  org.eclipse.jdt.internal.core.CompilationUnitProblemFinder.process(Lorg/eclipse/jdt/internal/core/CompilationUnit;Lorg/eclipse/jdt/internal/compiler/SourceElementParser;Lorg/eclipse/jdt/core/WorkingCopyOwner;Ljava/util/Map;ZILorg/eclipse/core/runtime/IProgressMonitor;)Lorg/eclipse/jdt/internal/compiler/ast/CompilationUnitDeclaration;+236
j  org.eclipse.jdt.internal.core.CompilationUnitProblemFinder.process(Lorg/eclipse/jdt/internal/core/CompilationUnit;Lorg/eclipse/jdt/core/WorkingCopyOwner;Ljava/util/Map;ZILorg/eclipse/core/runtime/IProgressMonitor;)Lorg/eclipse/jdt/internal/compiler/ast/CompilationUnitDeclaration;+9
j  org.eclipse.jdt.internal.core.ReconcileWorkingCopyOperation.makeConsistent(Lorg/eclipse/jdt/internal/core/CompilationUnit;)Lorg/eclipse/jdt/core/dom/CompilationUnit;+663
j  org.eclipse.jdt.internal.core.ReconcileWorkingCopyOperation.executeOperation()V+130
j  org.eclipse.jdt.internal.core.JavaModelOperation.run(Lorg/eclipse/core/runtime/IProgressMonitor;)V+55
j  org.eclipse.jdt.internal.core.JavaModelOperation.runOperation(Lorg/eclipse/core/runtime/IProgressMonitor;)V+32
j  org.eclipse.jdt.internal.core.CompilationUnit.reconcile(IILorg/eclipse/jdt/core/WorkingCopyOwner;Lorg/eclipse/core/runtime/IProgressMonitor;)Lorg/eclipse/jdt/core/dom/CompilationUnit;+79
j  org.eclipse.jdt.ls.core.internal.handlers.BaseDocumentLifeCycleHandler.publishDiagnostics(Lorg/eclipse/jdt/core/ICompilationUnit;Lorg/eclipse/core/runtime/IProgressMonitor;)V+37
j  org.eclipse.jdt.ls.core.internal.handlers.BaseDocumentLifeCycleHandler.publishDiagnostics(Lorg/eclipse/core/runtime/IProgressMonitor;)Lorg/eclipse/core/runtime/IStatus;+148
j  org.eclipse.jdt.ls.core.internal.handlers.BaseDocumentLifeCycleHandler$PublishDiagnosticJob.run(Lorg/eclipse/core/runtime/IProgressMonitor;)Lorg/eclipse/core/runtime/IStatus;+9
j  org.eclipse.core.internal.jobs.Worker.run()V+32
v  ~StubRoutines::call_stub 0x0000023bf811100d

siginfo: EXCEPTION_ACCESS_VIOLATION (0xc0000005), reading address 0xffffffffffffffff


Registers:
RAX=0x000000000b010101, RBX=0x0000023bcfc5ea90, RCX=0x0164010101010101, RDX=0x0000023bca1476a0
RSP=0x000000525d3fe530, RBP=0x00007ffcf93d7e98, RSI=0x0000023bcb00aca0, RDI=0x0000023bcfb09cf0
R8 =0x0000023bca1476a0, R9 =0x0000000000000001, R10=0x0000023b85000000, R11=0x0000023bf90198c0
R12=0x0000000000000000, R13=0x0000023bcb00b088, R14=0x0000023bcb00acb0, R15=0x0000023b866eb940
RIP=0x00007ffcf91e8cea, EFLAGS=0x0000000000010206

XMM[0]=0x0000000000000000 0x0000000000000000
XMM[1]=0x0000000000000000 0x0000000000000000
XMM[2]=0x0000000000000000 0x0000000000000000
XMM[3]=0xff00ff00ff00ff00 0xff00ff00ff00ff00
XMM[4]=0x0000000000000000 0x0000000000000000
XMM[5]=0x0000000000000000 0x0000000000000002
XMM[6]=0x0000000000000000 0x0000000000000008
XMM[7]=0x0000000000000000 0x00000000d59de930
XMM[8]=0x0000000000000000 0x00000000d599b3d0
XMM[9]=0x6c5b0f2e4a31be52 0x8e6385b52dacb12d
XMM[10]=0xf44c09f9f498900c 0x6e57dba938b19f4e
XMM[11]=0x5fa576e10d4ca252 0x03b550f2fe8c88fb
XMM[12]=0x059d5d66c28876ce 0xded560a51208550c
XMM[13]=0x0000000000000000 0x00000000808d33e0
XMM[14]=0x0000000000000000 0x72656c6975716c41
XMM[15]=0x0000000000000000 0x00000000808d33e0
  MXCSR=0x00001fa0


Register to memory mapping:

RAX=0x000000000b010101 is an unknown value
RBX=0x0000023bcfc5ea90 is a thread
RCX=0x0164010101010101 is an unknown value
RDX=0x0000023bca1476a0 is pointing into metadata
RSP=0x000000525d3fe530 is pointing into the stack for thread: 0x0000023bcfc5ea90
RBP=0x00007ffcf93d7e98 jvm.dll
RSI=0x0000023bcb00aca0 points into unknown readable memory: 0x0000000000000000 | 00 00 00 00 00 00 00 00
RDI=0x0000023bcfb09cf0 points into unknown readable memory: 0x0000000000000002 | 02 00 00 00 00 00 00 00
R8 =0x0000023bca1476a0 is pointing into metadata
R9 =0x0000000000000001 is an unknown value
R10=0x0000023b85000000 is pointing into metadata
R11=0x0000023bf90198c0 is at entry_point+32 in (nmethod*)0x0000023bf9019710
Compiled method (c2) 150279 13127       4       org.eclipse.jdt.internal.compiler.lookup.ModuleBinding$UnNamedModule::nameForLookup (4 bytes)
 total in heap  [0x0000023bf9019710,0x0000023bf9019970] = 608
 relocation     [0x0000023bf9019870,0x0000023bf9019888] = 24
 main code      [0x0000023bf90198a0,0x0000023bf9019918] = 120
 stub code      [0x0000023bf9019918,0x0000023bf9019930] = 24
 oops           [0x0000023bf9019930,0x0000023bf9019938] = 8
 metadata       [0x0000023bf9019938,0x0000023bf9019940] = 8
 scopes data    [0x0000023bf9019940,0x0000023bf9019948] = 8
 scopes pcs     [0x0000023bf9019948,0x0000023bf9019968] = 32
 dependencies   [0x0000023bf9019968,0x0000023bf9019970] = 8
R12=0x0 is null
R13=0x0000023bcb00b088 points into unknown readable memory: 0x8800040039e52ce5 | e5 2c e5 39 00 04 00 88
R14=0x0000023bcb00acb0 points into unknown readable memory: 0x696c63652e67726f | 6f 72 67 2e 65 63 6c 69
R15=0x0000023b866eb940 is a pointer to class: 
org.eclipse.jdt.internal.core.CancelableNameEnvironment {0x0000023b866eb948}
 - instance size:     10
 - klass size:        134
 - access:            public synchronized 
 - flags:             rewritten has_nonstatic_fields should_verify_class has_nonstatic_concrete_methods has_localvariable_table has_miranda_methods 
 - state:             fully_initialized
 - name:              'org/eclipse/jdt/internal/core/CancelableNameEnvironment'
 - super:             'org/eclipse/jdt/internal/core/SearchableEnvironment'
 - sub:               
 - arrays:            null
 - methods:           Array<T>(0x0000023bca3c1d68)
 - method ordering:   Array<T>(0x0000023b85a81838)
 - default_methods:   Array<T>(0x0000023bca3c2610)
 - default vtable indices:   Array<T>(0x0000023bca3c2630)
 - local interfaces:  Array<T>(0x0000023bca3c1d58)
 - trans. interfaces: Array<T>(0x0000023bca3c2590)
 - secondary supers: Array<T>(0x0000023bca3c25e0)
 - hash_slot:         3
 - bitmap:            0x0000000012822000
 - constants:         constant pool [146]/operands[5] {0x0000023bca3c1800} for 'org/eclipse/jdt/internal/core/CancelableNameEnvironment' cache=0x0000023bca3c26c0
 - class loader data:  loader data: 0x0000023bcbd8b390 for instance a 'org/eclipse/osgi/internal/loader/EquinoxClassLoader'{0x00000000805a9110}
 - source file:       'CancelableNameEnvironment.java'
 - inner classes:     Array<T>(0x0000023bca3c2578)
 - nest members:     Array<T>(0x0000023b856115b8)
 - permitted subclasses:     Array<T>(0x0000023b856115b8)
 - java mirror:       a 'java/lang/Class'{0x0000000082e42940} = 'org/eclipse/jdt/internal/core/CancelableNameEnvironment'
 - vtable length      35  (start addr: 0x0000023b866ebb10)
 - itable length      40 (start addr: 0x0000023b866ebc28)
 - ---- static fields (0 words):
 - ---- non-static fields (17 words):
 - private 'release' 'I' @12 
 - private 'timeSpentInGetModulesDeclaringPackage' 'J' @16 
 - private 'timeSpentInFindTypes' 'J' @24 
 - protected 'checkAccessRestrictions' 'Z' @32 
 - private final 'excludeTestCode' 'Z' @33 
 - public 'nameLookup' 'Lorg/eclipse/jdt/internal/core/NameLookup;' @36 
 - protected 'unitToSkip' 'Lorg/eclipse/jdt/internal/compiler/env/ICompilationUnit;' @40 
 - protected 'workingCopies' '[Lorg/eclipse/jdt/core/ICompilationUnit;' @44 
 - protected 'owner' 'Lorg/eclipse/jdt/core/WorkingCopyOwner;' @48 
 - protected 'project' 'Lorg/eclipse/jdt/internal/core/JavaProject;' @52 
 - protected 'searchScope' 'Lorg/eclipse/jdt/core/search/IJavaSearchScope;' @56 
 - private 'knownModuleLocations' 'Ljava/util/Map;' @60 
 - private 'moduleUpdater' 'Lorg/eclipse/jdt/internal/core/ModuleUpdater;' @64 
 - private 'rootToModule' 'Ljava/util/Map;' @68 
 - private 'unnamedModulePackageFragmentRoots' 'Ljava/util/List;' @72 
 - private 'monitor' 'Lorg/eclipse/core/runtime/IProgressMonitor;' @76 
 - non-static oop maps: 36-76 

Top of Stack: (sp=0x000000525d3fe530)
0x000000525d3fe530:   00000000d5967190 0000023b851a2d30
0x000000525d3fe540:   0000000000000020 0000023bf8212fa6
0x000000525d3fe550:   0000023bcfb09cf0 00007ffcf91e8de9
0x000000525d3fe560:   0000023bcfc5ea90 0000023bf1844d8c
0x000000525d3fe570:   00000000d5967190 0000023bf8cd3bd4
0x000000525d3fe580:   5191a6e0d5967190 00007ffcf8dabb2e
0x000000525d3fe590:   00000000d59df970 0000000000000000
0x000000525d3fe5a0:   00000000d59df980 00000000d599b7a0
0x000000525d3fe5b0:   00000000d59dedd0 00000000d59decc8
0x000000525d3fe5c0:   00000000000003d8 00000000d59decc8
0x000000525d3fe5d0:   000000525d3fea00 0000023bf27beb1c
0x000000525d3fe5e0:   00000000d59a5d88 00000000d599b8a0
0x000000525d3fe5f0:   000000525d3feab0 0000023bf258d40c
0x000000525d3fe600:   00000000d599b880 0000023bf86eea9e
0x000000525d3fe610:   0000023bcfc5ea90 0000023b850e25b0
0x000000525d3fe620:   0000000000000000 0000023bf15ea18c
0x000000525d3fe630:   0000023b867239a8 000000525d3fe740
0x000000525d3fe640:   00000000d596a830 0000023bcfc5ea90
0x000000525d3fe650:   00000000d599b808 00000000d59decc8
0x000000525d3fe660:   00000000d59a5d88 00000000d59decc8
0x000000525d3fe670:   00000000d59dedd0 0000023becf90000
0x000000525d3fe680:   00000000d5967190 00000000d599b860
0x000000525d3fe690:   000000525d3feab0 0000023bf237883c
0x000000525d3fe6a0:   00007ffcf94384b0 0000000000000000
0x000000525d3fe6b0:   000000525d3feab0 0000023bf15eb43c
0x000000525d3fe6c0:   000000525d3feab0 0000023bf160a064
0x000000525d3fe6d0:   0000000089adb9a8 0000023bf86eea9e
0x000000525d3fe6e0:   0000023bc72cafb8 00000000d596a830
0x000000525d3fe6f0:   00000000d5950f00 0000000200000000
0x000000525d3fe700:   0000023b860dab18 00000000d59dec88
0x000000525d3fe710:   0000001300000003 00000000d59deca8
0x000000525d3fe720:   00000000d5950ed8 0000023bf2082b64 

Instructions: (pc=0x00007ffcf91e8cea)
0x00007ffcf91e8bea:   cc cc cc cc cc cc 48 89 5c 24 08 48 89 74 24 10
0x00007ffcf91e8bfa:   48 89 7c 24 18 41 56 48 83 ec 20 41 8b d9 49 63
0x00007ffcf91e8c0a:   f8 48 8b f2 4c 8b f1 e8 1a c3 ea ff 44 0f bf d0
0x00007ffcf91e8c1a:   49 8d 4e 06 41 c1 e2 10 4c 8b c7 44 0b d3 66 41
0x00007ffcf91e8c2a:   89 7e 04 48 8b d6 45 89 16 41 c6 46 07 00 c6 01
0x00007ffcf91e8c3a:   00 e8 60 54 13 00 48 8b 5c 24 30 49 8b c6 48 8b
0x00007ffcf91e8c4a:   74 24 38 48 8b 7c 24 40 48 83 c4 20 41 5e c3 cc
0x00007ffcf91e8c5a:   cc cc cc cc cc cc 40 53 48 83 ec 20 8b 02 48 8b
0x00007ffcf91e8c6a:   d9 89 01 0f b7 42 04 48 83 c2 06 66 89 41 04 44
0x00007ffcf91e8c7a:   8b c0 48 83 c1 06 e8 1b 54 13 00 48 8b c3 48 83
0x00007ffcf91e8c8a:   c4 20 5b c3 cc cc 4c 8b d2 4c 8b d9 45 85 c0 7e
0x00007ffcf91e8c9a:   3c 44 0f b7 49 04 41 8d 40 ff 41 3b c1 44 0f 4c
0x00007ffcf91e8caa:   c8 4d 63 c1 45 85 c9 7e 1f 48 8b c2 4c 2b da 49
0x00007ffcf91e8cba:   8b d0 0f 1f 40 00 41 0f b6 4c 03 06 88 08 48 8d
0x00007ffcf91e8cca:   40 01 48 83 ea 01 75 ee 43 c6 04 10 00 49 8b c2
0x00007ffcf91e8cda:   c3 cc cc cc cc cc 48 89 5c 24 08 57 48 83 ec 20
0x00007ffcf91e8cea:   0f b7 59 04 48 8b f9 33 d2 48 8d 4b 01 e8 64 f4
0x00007ffcf91e8cfa:   f0 ff 0f b7 57 04 4c 8b c0 3b da 0f 42 d3 44 8b
0x00007ffcf91e8d0a:   ca 85 d2 74 39 48 2b f8 0f 1f 40 00 66 66 0f 1f
0x00007ffcf91e8d1a:   84 00 00 00 00 00 0f b6 4c 07 06 88 08 48 ff c0
0x00007ffcf91e8d2a:   48 8b c8 49 2b c8 49 3b c9 7c eb 42 c6 04 02 00
0x00007ffcf91e8d3a:   49 8b c0 48 8b 5c 24 30 48 83 c4 20 5f c3 48 8b
0x00007ffcf91e8d4a:   5c 24 30 c6 04 02 00 48 83 c4 20 5f c3 cc cc cc
0x00007ffcf91e8d5a:   cc cc cc cc cc cc 4c 8b d1 45 85 c0 7e 6c 44 0f
0x00007ffcf91e8d6a:   b7 49 04 41 8d 40 ff 41 3b c1 44 0f 4c c8 4d 63
0x00007ffcf91e8d7a:   d9 45 85 c9 7e 22 48 8b ca 4c 2b d2 4d 8b c3 0f
0x00007ffcf91e8d8a:   1f 80 00 00 00 00 41 0f b6 44 0a 06 88 01 48 8d
0x00007ffcf91e8d9a:   49 01 49 83 e8 01 75 ee 41 c6 04 13 00 48 c7 c0
0x00007ffcf91e8daa:   ff ff ff ff 66 90 48 ff c0 80 3c 02 00 75 f7 48
0x00007ffcf91e8dba:   63 c8 85 c0 48 8b c2 7e 14 80 38 2f 75 03 c6 00
0x00007ffcf91e8dca:   2e 48 ff c0 48 83 e9 01 75 ef 48 8b c2 c3 cc cc
0x00007ffcf91e8dda:   cc cc cc cc cc cc 48 83 ec 28 e8 f7 fe ff ff 4c 


Stack slot to memory mapping:

stack at sp + 0 slots: 0x00000000d5967190 is an oop: org.eclipse.jdt.internal.compiler.lookup.PlainPackageBinding 
{0x00000000d5967190} - klass: 'org/eclipse/jdt/internal/compiler/lookup/PlainPackageBinding'
 - ---- fields (total size 8 words):
 - public 'extendedTagBits' 'I' @12  0 (0x00000000)
 - public 'tagBits' 'J' @16  0 (0x0000000000000000)
 - private 'defaultNullness' 'I' @24  -1 (0xffffffff)
 - public 'compoundName' '[[C' @28  a {type array char}[1] {0x00000000d59671d0} (0xd59671d0)
 - 'parent' 'Lorg/eclipse/jdt/internal/compiler/lookup/PackageBinding;' @32  null (0x00000000)
 - 'wrappingSplitPackageBindings' 'Ljava/util/ArrayList;' @36  a 'java/util/ArrayList'{0x00000000d59e0000} (0xd59e0000)
 - public 'environment' 'Lorg/eclipse/jdt/internal/compiler/lookup/LookupEnvironment;' @40  a 'org/eclipse/jdt/internal/compiler/lookup/LookupEnvironment'{0x00000000d5950a10} (0xd5950a10)
 - public 'knownTypes' 'Lorg/eclipse/jdt/internal/compiler/util/HashtableOfType;' @44  null (0x00000000)
 - 'knownPackages' 'Lorg/eclipse/jdt/internal/compiler/util/HashtableOfPackage;' @48  a 'org/eclipse/jdt/internal/compiler/util/HashtableOfPackage'{0x00000000d59671e8} (0xd59671e8)
 - public 'enclosingModule' 'Lorg/eclipse/jdt/internal/compiler/lookup/ModuleBinding;' @52  a 'org/eclipse/jdt/internal/compiler/lookup/ModuleBinding$UnNamedModule'{0x00000000d5950ae0} (0xd5950ae0)
 - 'isExported' 'Ljava/lang/Boolean;' @56  null (0x00000000)
stack at sp + 1 slots: 0x0000023b851a2d30 is a pointer to class: 
java.util.LinkedHashMap$Entry {0x0000023b851a2d38}
 - instance size:     5
 - klass size:        73
 - access:            synchronized 
 - flags:             rewritten has_nonstatic_fields is_shared_boot_class 
 - state:             fully_initialized
 - name:              'java/util/LinkedHashMap$Entry'
 - super:             'java/util/HashMap$Node'
 - sub:               'java/util/HashMap$TreeNode'   
 - arrays:            null
 - methods:           Array<T>(0x0000023b8580e4a8)
 - method ordering:   Array<T>(0x0000023b8580e500)
 - local interfaces:  Array<T>(0x0000023b85611630)
 - trans. interfaces: Array<T>(0x0000023b8580dcb8)
 - secondary supers: Array<T>(0x0000023b8580dcb8)
 - hash_slot:         21
 - bitmap:            0x0000000800000000
 - constants:         constant pool [41] {0x0000023b8580e300} for 'java/util/LinkedHashMap$Entry' cache=0x0000023b851a2fa8
 - class loader data:  loader data: 0x0000023beb6688d0 of 'bootstrap'
 - generic signature: '<K:Ljava/lang/Object;V:Ljava/lang/Object;>Ljava/util/HashMap$Node<TK;TV;>;'
 - inner classes:     Array<T>(0x0000023b8580e488)
 - nest members:     Array<T>(0x0000023b856115b8)
 - permitted subclasses:     Array<T>(0x0000023b856115b8)
 - java mirror:       a 'java/lang/Class'{0x000000008025a2f0} = 'java/util/LinkedHashMap$Entry'
 - vtable length      5  (start addr: 0x0000023b851a2f00)
 - itable length      9 (start addr: 0x0000023b851a2f28)
 - ---- static fields (0 words):
 - ---- non-static fields (6 words):
 - final 'hash' 'I' @12 
 - final 'key' 'Ljava/lang/Object;' @16 
 - 'value' 'Ljava/lang/Object;' @20 
 - 'next' 'Ljava/util/HashMap$Node;' @24 
 - 'before' 'Ljava/util/LinkedHashMap$Entry;' @28 
 - 'after' 'Ljava/util/LinkedHashMap$Entry;' @32 
 - non-static oop maps: 16-32 
stack at sp + 2 slots: 0x0000000000000020 is an unknown value
stack at sp + 3 slots: 0x0000023bf8212fa6 is at code_begin+38 in 
[CodeBlob (0x0000023bf8212f10)]
Framesize: 6
Runtime Stub (0x0000023bf8212f10): _new_instance_Java
--------------------------------------------------------------------------------
Decoding CodeBlob, name: _new_instance_Java, at  [0x0000023bf8212f80, 0x0000023bf8212ff0]  112 bytes
[MachCode]
  0x0000023bf8212f80: 4881 ec28 | 0000 0048 | 896c 2420 | 4989 a798 | 0300 0048 | 8bca 498b | d749 ba00 | e80f f9fc 
  0x0000023bf8212fa0: 7f00 0041 | ffd2 0f1f | 8400 0000 | 0000 4d89 | a798 0300 | 004d 89a7 | a003 0000 | 498b 87f0 
  0x0000023bf8212fc0: 0300 004d | 89a7 f003 | 0000 4d3b | 6708 7506 | 4883 c420 | 5dc3 33db | 49ba 000f | 11f8 3b02 
  0x0000023bf8212fe0: 0000 4883 | c420 5d41 | ffe2 f4f4 | f4f4 f4f4 
[/MachCode]
--------------------------------------------------------------------------------
stack at sp + 4 slots: 0x0000023bcfb09cf0 points into unknown readable memory: 0x0000000000000002 | 02 00 00 00 00 00 00 00
stack at sp + 5 slots: 0x00007ffcf91e8de9 jvm.dll
stack at sp + 6 slots: 0x0000023bcfc5ea90 is a thread
stack at sp + 7 slots: 0x0000023bf1844d8c is at entry_point+620 in (nmethod*)0x0000023bf1844910
Compiled method (c1) 150298 6625       3       java.util.ArrayList$ArrayListSpliterator::forEachRemaining (127 bytes)
 total in heap  [0x0000023bf1844910,0x0000023bf18452f8] = 2536
 relocation     [0x0000023bf1844a70,0x0000023bf1844b08] = 152
 main code      [0x0000023bf1844b20,0x0000023bf1845090] = 1392
 stub code      [0x0000023bf1845090,0x0000023bf18450f8] = 104
 metadata       [0x0000023bf18450f8,0x0000023bf1845100] = 8
 scopes data    [0x0000023bf1845100,0x0000023bf18451a0] = 160
 scopes pcs     [0x0000023bf18451a0,0x0000023bf18452c0] = 288
 dependencies   [0x0000023bf18452c0,0x0000023bf18452c8] = 8
 nul chk table  [0x0000023bf18452c8,0x0000023bf18452f8] = 48

invokeinterface  185 invokeinterface  [0x0000023bf81282c0, 0x0000023bf8128dd8]  2840 bytes
[MachCode]
  0x0000023bf81282c0: 4883 ec08 | c5fa 1104 | 24eb 1f48 | 83ec 10c5 | fb11 0424 | eb14 4883 | ec10 4889 | 0424 48c7 
  0x0000023bf81282e0: 4424 0800 | 0000 00eb | 0150 4c89 | 6dc0 410f | b755 0148 | 8b4d d0c1 | e202 8b5c | d138 c1eb 
  0x0000023bf8128300: 1081 e3ff | 0000 0081 | fbb9 0000 | 000f 84b4 | 0000 00bb | b900 0000 | e805 0000 | 00e9 9900 
  0x0000023bf8128320: 0000 488b | d348 8d44 | 2408 4c89 | 6dc0 498b | cfc5 f877 | 4989 afa8 | 0300 0049 | 8987 9803 
  0x0000023bf8128340: 0000 4883 | ec20 40f6 | c40f 0f84 | 1900 0000 | 4883 ec08 | 48b8 30a5 | daf8 fc7f | 0000 ffd0 
  0x0000023bf8128360: 4883 c408 | e90c 0000 | 0048 b830 | a5da f8fc | 7f00 00ff | d048 83c4 | 2049 c787 | 9803 0000 
  0x0000023bf8128380: 0000 0000 | 49c7 87a8 | 0300 0000 | 0000 0049 | c787 a003 | 0000 0000 | 0000 c5f8 | 7749 837f 
  0x0000023bf81283a0: 0800 0f84 | 0500 0000 | e953 8bfe | ff4c 8b6d | c04c 8b75 | c84e 8d74 | f500 c341 | 0fb7 5501 
  0x0000023bf81283c0: 488b 4dd0 | c1e2 0248 | 8b44 d140 | 488b 5cd1 | 488b 54d1 | 508b ca81 | e1ff 0000 | 0048 8b4c 
  0x0000023bf81283e0: ccf8 448b | eac1 ea1c | 49ba 9053 | 69f9 fc7f | 0000 498b | 14d2 5241 | 8bd5 4c8b | 6dc0 448b 
  0x0000023bf8128400: f241 81e6 | 0000 8000 | 0f84 9503 | 0000 8bc2 | 2500 0010 | 000f 8478 | 0100 0048 | 3b01 488b 
  0x0000023bf8128420: 45d8 4885 | c00f 8412 | 0000 0048 | 8340 0801 | 4883 5808 | 0048 83c0 | 3848 8945 | d848 8b45 
  0x0000023bf8128440: d848 85c0 | 0f84 3d01 | 0000 8078 | c80b 0f85 | 3301 0000 | 4883 c008 | 4c8b 68f8 | 4183 ed00 
  0x0000023bf8128460: 4183 fd02 | 0f8c 1201 | 0000 4c8b | 6b08 450f | b76d 2e4c | 2b28 4183 | ed01 4e8b | 6cec 084d 
  0x0000023bf8128480: 85ed 750e | f640 0801 | 7558 f048 | 8348 0801 | eb50 458b | 6d08 49ba | 0000 0085 | 3b02 0000 
  0x0000023bf81284a0: 4d03 ea4d | 8bd5 4c33 | 6808 49f7 | c5fc ffff | ff74 2f41 | f6c5 0275 | 2948 8378 | 0800 741e 
  0x0000023bf81284c0: 4883 7808 | 0174 174d | 8bea 4c33 | 6808 49f7 | c5fc ffff | ff74 0b48 | 8348 0802 | eb04 4c89 
  0x0000023bf81284e0: 6808 4883 | c010 4c8b | 68e8 4183 | ed02 4183 | fd02 0f8c | 8400 0000 | 4c8b 6b08 | 450f b76d 
  0x0000023bf8128500: 2e4c 2b28 | 4183 ed01 | 4e8b 6cec | 084d 85ed | 750e f640 | 0801 7558 | f048 8348 | 0801 eb50 
  0x0000023bf8128520: 458b 6d08 | 49ba 0000 | 0085 3b02 | 0000 4d03 | ea4d 8bd5 | 4c33 6808 | 49f7 c5fc | ffff ff74 
  0x0000023bf8128540: 2f41 f6c5 | 0275 2948 | 8378 0800 | 741e 4883 | 7808 0174 | 174d 8bea | 4c33 6808 | 49f7 c5fc 
  0x0000023bf8128560: ffff ff74 | 0b48 8348 | 0802 eb04 | 4c89 6808 | 4883 c010 | 4c8b 68d8 | 4183 ed04 | 41c1 e503 
  0x0000023bf8128580: 4903 c548 | 8945 d84c | 8d6c 2408 | 4c89 6df0 | ff63 508b | 4108 49ba | 0000 0085 | 3b02 0000 
  0x0000023bf81285a0: 4903 c24c | 8b75 d84d | 85f6 0f84 | 9500 0000 | 498b 5618 | 483b d00f | 850f 0000 | 0049 8346 
  0x0000023bf81285c0: 2001 4983 | 5e20 00e9 | 7100 0000 | 4885 d20f | 8442 0000 | 0049 8b56 | 2848 3bd0 | 0f85 0f00 
  0x0000023bf81285e0: 0000 4983 | 4630 0149 | 835e 3000 | e94c 0000 | 0048 85d2 | 740f 4983 | 4608 0149 | 835e 0800 
  0x0000023bf8128600: e938 0000 | 0049 8946 | 28ba 0100 | 0000 4989 | 5630 e926 | 0000 0049 | 3b46 280f | 850f 0000 
  0x0000023bf8128620: 0049 8346 | 3001 4983 | 5e30 00e9 | 0d00 0000 | 4989 4618 | ba01 0000 | 0049 8956 | 2049 83c6 
  0x0000023bf8128640: 384c 8975 | d848 8b9c | d8d0 0100 | 0048 8b55 | d848 85d2 | 0f84 3d01 | 0000 807a | c80b 0f85 
  0x0000023bf8128660: 3301 0000 | 4883 c208 | 4c8b 6af8 | 4183 ed00 | 4183 fd02 | 0f8c 1201 | 0000 4c8b | 6b08 450f 
  0x0000023bf8128680: b76d 2e4c | 2b2a 4183 | ed01 4e8b | 6cec 084d | 85ed 750e | f642 0801 | 7558 f048 | 834a 0801 
  0x0000023bf81286a0: eb50 458b | 6d08 49ba | 0000 0085 | 3b02 0000 | 4d03 ea4d | 8bd5 4c33 | 6a08 49f7 | c5fc ffff 
  0x0000023bf81286c0: ff74 2f41 | f6c5 0275 | 2948 837a | 0800 741e | 4883 7a08 | 0174 174d | 8bea 4c33 | 6a08 49f7 
  0x0000023bf81286e0: c5fc ffff | ff74 0b48 | 834a 0802 | eb04 4c89 | 6a08 4883 | c210 4c8b | 6ae8 4183 | ed02 4183 
  0x0000023bf8128700: fd02 0f8c | 8400 0000 | 4c8b 6b08 | 450f b76d | 2e4c 2b2a | 4183 ed01 | 4e8b 6cec | 084d 85ed 
  0x0000023bf8128720: 750e f642 | 0801 7558 | f048 834a | 0801 eb50 | 458b 6d08 | 49ba 0000 | 0085 3b02 | 0000 4d03 
  0x0000023bf8128740: ea4d 8bd5 | 4c33 6a08 | 49f7 c5fc | ffff ff74 | 2f41 f6c5 | 0275 2948 | 837a 0800 | 741e 4883 
  0x0000023bf8128760: 7a08 0174 | 174d 8bea | 4c33 6a08 | 49f7 c5fc | ffff ff74 | 0b48 834a | 0802 eb04 | 4c89 6a08 
  0x0000023bf8128780: 4883 c210 | 4c8b 6ad8 | 4183 ed04 | 41c1 e503 | 4903 d548 | 8955 d84c | 8d6c 2408 | 4c89 6df0 
  0x0000023bf81287a0: ff63 5044 | 8bf2 4181 | e600 0010 | 000f 84ce | 0100 0044 | 8b71 0849 | ba00 0000 | 853b 0200 
  0x0000023bf81287c0: 004d 03f2 | 4c3b f00f | 843f 0000 | 0044 8b68 | 144b 3b04 | 2e0f 8431 | 0000 0041 | 83fd 200f 
  0x0000023bf81287e0: 851f 0000 | 0051 5749 | 8b7e 288b | 0f48 83c7 | 0848 85c0 | f248 af5f | 5975 0949 | 8946 20e9 
  0x0000023bf8128800: 0800 0000 | 498b d6e9 | fc04 0000 | 488b 55d8 | 4885 d20f | 8412 0000 | 0048 8342 | 0801 4883 
  0x0000023bf8128820: 5a08 0048 | 83c2 3848 | 8955 d848 | 8b55 d848 | 85d2 0f84 | 3d01 0000 | 807a c80b | 0f85 3301 
  0x0000023bf8128840: 0000 4883 | c208 4c8b | 6af8 4183 | ed00 4183 | fd02 0f8c | 1201 0000 | 4c8b 6b08 | 450f b76d 
  0x0000023bf8128860: 2e4c 2b2a | 4183 ed01 | 4e8b 6cec | 084d 85ed | 750e f642 | 0801 7558 | f048 834a | 0801 eb50 
  0x0000023bf8128880: 458b 6d08 | 49ba 0000 | 0085 3b02 | 0000 4d03 | ea4d 8bd5 | 4c33 6a08 | 49f7 c5fc | ffff ff74 
  0x0000023bf81288a0: 2f41 f6c5 | 0275 2948 | 837a 0800 | 741e 4883 | 7a08 0174 | 174d 8bea | 4c33 6a08 | 49f7 c5fc 
  0x0000023bf81288c0: ffff ff74 | 0b48 834a | 0802 eb04 | 4c89 6a08 | 4883 c210 | 4c8b 6ae8 | 4183 ed02 | 4183 fd02 
  0x0000023bf81288e0: 0f8c 8400 | 0000 4c8b | 6b08 450f | b76d 2e4c | 2b2a 4183 | ed01 4e8b | 6cec 084d | 85ed 750e 
  0x0000023bf8128900: f642 0801 | 7558 f048 | 834a 0801 | eb50 458b | 6d08 49ba | 0000 0085 | 3b02 0000 | 4d03 ea4d 
  0x0000023bf8128920: 8bd5 4c33 | 6a08 49f7 | c5fc ffff | ff74 2f41 | f6c5 0275 | 2948 837a | 0800 741e | 4883 7a08 
  0x0000023bf8128940: 0174 174d | 8bea 4c33 | 6a08 49f7 | c5fc ffff | ff74 0b48 | 834a 0802 | eb04 4c89 | 6a08 4883 
  0x0000023bf8128960: c210 4c8b | 6ad8 4183 | ed04 41c1 | e503 4903 | d548 8955 | d84c 8d6c | 2408 4c89 | 6df0 ff63 
  0x0000023bf8128980: 504c 8b75 | c84e 8d74 | f500 8b51 | 0849 ba00 | 0000 853b | 0200 0049 | 03d2 488b | cb44 8bb2 
  0x0000023bf81289a0: ac00 0000 | 4e8d b4f2 | d001 0000 | 4d8b 2e49 | 3bc5 7415 | 4d85 ed0f | 844b 0300 | 0049 83c6 
  0x0000023bf81289c0: 104d 8b2e | 493b c575 | eb4c 8b6d | c04c 8b6d | d84d 85ed | 0f84 9700 | 0000 4d8b | 7518 4c3b 
  0x0000023bf81289e0: f20f 850f | 0000 0049 | 8345 2001 | 4983 5d20 | 00e9 7300 | 0000 4d85 | f60f 8443 | 0000 004d 
  0x0000023bf8128a00: 8b75 284c | 3bf2 0f85 | 0f00 0000 | 4983 4530 | 0149 835d | 3000 e94e | 0000 004d | 85f6 740f 
  0x0000023bf8128a20: 4983 4508 | 0149 835d | 0800 e93a | 0000 0049 | 8955 2841 | be01 0000 | 004d 8975 | 30e9 2700 
  0x0000023bf8128a40: 0000 493b | 5528 0f85 | 0f00 0000 | 4983 4530 | 0149 835d | 3000 e90e | 0000 0049 | 8955 1841 
  0x0000023bf8128a60: be01 0000 | 004d 8975 | 2049 83c5 | 384c 896d | d848 8b43 | 0848 8b40 | 0848 8b40 | 188b 5b2c 
  0x0000023bf8128a80: 83eb f6f7 | db4c 8bf2 | 458b aeac | 0000 004f | 8dac eed0 | 0100 004d | 8d34 de49 | 8b5d 0048 
  0x0000023bf8128aa0: 3bc3 7416 | 4885 db0f | 845b 0200 | 0049 83c5 | 1049 8b5d | 0048 3bc3 | 75ea 458b | 6d08 4b8b 
  0x0000023bf8128ac0: 1c2e 4885 | db0f 8471 | 0100 0048 | 8b55 d848 | 85d2 0f84 | 3d01 0000 | 807a c80b | 0f85 3301 
  0x0000023bf8128ae0: 0000 4883 | c208 4c8b | 6af8 4183 | ed00 4183 | fd02 0f8c | 1201 0000 | 4c8b 6b08 | 450f b76d 
  0x0000023bf8128b00: 2e4c 2b2a | 4183 ed01 | 4e8b 6cec | 084d 85ed | 750e f642 | 0801 7558 | f048 834a | 0801 eb50 
  0x0000023bf8128b20: 458b 6d08 | 49ba 0000 | 0085 3b02 | 0000 4d03 | ea4d 8bd5 | 4c33 6a08 | 49f7 c5fc | ffff ff74 
  0x0000023bf8128b40: 2f41 f6c5 | 0275 2948 | 837a 0800 | 741e 4883 | 7a08 0174 | 174d 8bea | 4c33 6a08 | 49f7 c5fc 
  0x0000023bf8128b60: ffff ff74 | 0b48 834a | 0802 eb04 | 4c89 6a08 | 4883 c210 | 4c8b 6ae8 | 4183 ed02 | 4183 fd02 
  0x0000023bf8128b80: 0f8c 8400 | 0000 4c8b | 6b08 450f | b76d 2e4c | 2b2a 4183 | ed01 4e8b | 6cec 084d | 85ed 750e 
  0x0000023bf8128ba0: f642 0801 | 7558 f048 | 834a 0801 | eb50 458b | 6d08 49ba | 0000 0085 | 3b02 0000 | 4d03 ea4d 
  0x0000023bf8128bc0: 8bd5 4c33 | 6a08 49f7 | c5fc ffff | ff74 2f41 | f6c5 0275 | 2948 837a | 0800 741e | 4883 7a08 
  0x0000023bf8128be0: 0174 174d | 8bea 4c33 | 6a08 49f7 | c5fc ffff | ff74 0b48 | 834a 0802 | eb04 4c89 | 6a08 4883 
  0x0000023bf8128c00: c210 4c8b | 6ad8 4183 | ed04 41c1 | e503 4903 | d548 8955 | d84c 8d6c | 2408 4c89 | 6df0 ff63 
  0x0000023bf8128c20: 5048 b990 | e23c f9fc | 7f00 0048 | 83e4 f048 | b810 79ff | f8fc 7f00 | 00ff d0f4 | 5b4c 8b6d 
  0x0000023bf8128c40: c04c 8b75 | c84e 8d74 | f500 4c8b | c1e8 0500 | 0000 e996 | 0000 0048 | 8d44 2408 | 4c89 6dc0 
  0x0000023bf8128c60: 498b cfc5 | f877 4989 | afa8 0300 | 0049 8987 | 9803 0000 | 4883 ec20 | 40f6 c40f | 0f84 1900 
  0x0000023bf8128c80: 0000 4883 | ec08 48b8 | e0b4 daf8 | fc7f 0000 | ffd0 4883 | c408 e90c | 0000 0048 | b8e0 b4da 
  0x0000023bf8128ca0: f8fc 7f00 | 00ff d048 | 83c4 2049 | c787 9803 | 0000 0000 | 0000 49c7 | 87a8 0300 | 0000 0000 
  0x0000023bf8128cc0: 0049 c787 | a003 0000 | 0000 0000 | c5f8 7749 | 837f 0800 | 0f84 0500 | 0000 e921 | 82fe ff4c 
  0x0000023bf8128ce0: 8b6d c04c | 8b75 c84e | 8d74 f500 | c348 b990 | e23c f9fc | 7f00 0048 | 83e4 f048 | b810 79ff 
  0x0000023bf8128d00: f8fc 7f00 | 00ff d0f4 | 5b4c 8b6d | c04c 8b75 | c84e 8d74 | f500 e805 | 0000 00e9 | 9900 0000 
  0x0000023bf8128d20: 4c8b c048 | 8d44 2408 | 4c89 6dc0 | 498b cfc5 | f877 4989 | afa8 0300 | 0049 8987 | 9803 0000 
  0x0000023bf8128d40: 4883 ec20 | 40f6 c40f | 0f84 1900 | 0000 4883 | ec08 48b8 | c0ba daf8 | fc7f 0000 | ffd0 4883 
  0x0000023bf8128d60: c408 e90c | 0000 0048 | b8c0 bada | f8fc 7f00 | 00ff d048 | 83c4 2049 | c787 9803 | 0000 0000 
  0x0000023bf8128d80: 0000 49c7 | 87a8 0300 | 0000 0000 | 0049 c787 | a003 0000 | 0000 0000 | c5f8 7749 | 837f 0800 
  0x0000023bf8128da0: 0f84 0500 | 0000 e955 | 81fe ff4c | 8b6d c04c | 8b75 c84e | 8d74 f500 | c348 b990 | e23c f9fc 
  0x0000023bf8128dc0: 7f00 0048 | 83e4 f048 | b810 79ff | f8fc 7f00 | 00ff d0f4 | 0f1f 4000 
[/MachCode]

---------------  P R O C E S S  ---------------

Threads class SMR info:
_java_thread_list=0x0000023bd174f2f0, length=43, elements={
0x0000023beb667bc0, 0x0000023b845b1fd0, 0x0000023b845b3ee0, 0x0000023b845b6480,
0x0000023b845b7a40, 0x0000023b845ba150, 0x0000023b845bd260, 0x0000023b845c8150,
0x0000023b845ca610, 0x0000023bcb0ae650, 0x0000023bcb3f88d0, 0x0000023bcbc7c240,
0x0000023bcbc51ae0, 0x0000023bcb5aa210, 0x0000023bcbb008d0, 0x0000023bcb1fb6f0,
0x0000023bcc40f090, 0x0000023bcc09f780, 0x0000023bcc09fe10, 0x0000023bcc09d020,
0x0000023bcc09d6b0, 0x0000023bcc09dd40, 0x0000023bcc09e3d0, 0x0000023bcc09ea60,
0x0000023bcf7eb980, 0x0000023bcf7ea5d0, 0x0000023bcf7e98b0, 0x0000023bcf7e6430,
0x0000023bcf7e9f40, 0x0000023bcf7eac60, 0x0000023bcf7e6ac0, 0x0000023bcf7eb2f0,
0x0000023bcf7e5080, 0x0000023bcf7ec010, 0x0000023bcf7e7150, 0x0000023bcf7ec6a0,
0x0000023bcf7e8b90, 0x0000023bcf7e5710, 0x0000023bcf7e8500, 0x0000023bcf7e77e0,
0x0000023bcf7e7e70, 0x0000023bcfc5ea90, 0x0000023bcfc5e400
}

Java Threads: ( => current thread )
  0x0000023beb667bc0 JavaThread "main"                              [_thread_blocked, id=10872, stack(0x0000005259800000,0x0000005259900000) (1024K)]
  0x0000023b845b1fd0 JavaThread "Reference Handler"          daemon [_thread_blocked, id=9760, stack(0x0000005259d00000,0x0000005259e00000) (1024K)]
  0x0000023b845b3ee0 JavaThread "Finalizer"                  daemon [_thread_blocked, id=3752, stack(0x0000005259e00000,0x0000005259f00000) (1024K)]
  0x0000023b845b6480 JavaThread "Signal Dispatcher"          daemon [_thread_blocked, id=4808, stack(0x0000005259f00000,0x000000525a000000) (1024K)]
  0x0000023b845b7a40 JavaThread "Attach Listener"            daemon [_thread_blocked, id=12156, stack(0x000000525a000000,0x000000525a100000) (1024K)]
  0x0000023b845ba150 JavaThread "Service Thread"             daemon [_thread_blocked, id=4084, stack(0x000000525a100000,0x000000525a200000) (1024K)]
  0x0000023b845bd260 JavaThread "Monitor Deflation Thread"   daemon [_thread_blocked, id=13376, stack(0x000000525a200000,0x000000525a300000) (1024K)]
  0x0000023b845c8150 JavaThread "C2 CompilerThread0"         daemon [_thread_blocked, id=4984, stack(0x000000525a300000,0x000000525a400000) (1024K)]
  0x0000023b845ca610 JavaThread "C1 CompilerThread0"         daemon [_thread_blocked, id=1280, stack(0x000000525a400000,0x000000525a500000) (1024K)]
  0x0000023bcb0ae650 JavaThread "Common-Cleaner"             daemon [_thread_blocked, id=13956, stack(0x000000525a500000,0x000000525a600000) (1024K)]
  0x0000023bcb3f88d0 JavaThread "Notification Thread"        daemon [_thread_blocked, id=16140, stack(0x000000525a700000,0x000000525a800000) (1024K)]
  0x0000023bcbc7c240 JavaThread "Active Thread: Equinox Container: cad436b5-5b10-4690-82f9-89fa1369fc6c"        [_thread_blocked, id=9956, stack(0x000000525af00000,0x000000525b000000) (1024K)]
  0x0000023bcbc51ae0 JavaThread "Refresh Thread: Equinox Container: cad436b5-5b10-4690-82f9-89fa1369fc6c" daemon [_thread_blocked, id=14828, stack(0x000000525a800000,0x000000525a900000) (1024K)]
  0x0000023bcb5aa210 JavaThread "Framework Event Dispatcher: Equinox Container: cad436b5-5b10-4690-82f9-89fa1369fc6c" daemon [_thread_blocked, id=14420, stack(0x000000525b000000,0x000000525b100000) (1024K)]
  0x0000023bcbb008d0 JavaThread "Start Level: Equinox Container: cad436b5-5b10-4690-82f9-89fa1369fc6c" daemon [_thread_blocked, id=7140, stack(0x000000525b100000,0x000000525b200000) (1024K)]
  0x0000023bcb1fb6f0 JavaThread "Bundle File Closer"         daemon [_thread_blocked, id=14664, stack(0x000000525b200000,0x000000525b300000) (1024K)]
  0x0000023bcc40f090 JavaThread "SCR Component Actor"        daemon [_thread_blocked, id=10980, stack(0x000000525b300000,0x000000525b400000) (1024K)]
  0x0000023bcc09f780 JavaThread "Worker-JM"                         [_thread_blocked, id=15616, stack(0x000000525b600000,0x000000525b700000) (1024K)]
  0x0000023bcc09fe10 JavaThread "JNA Cleaner"                daemon [_thread_blocked, id=7996, stack(0x000000525b700000,0x000000525b800000) (1024K)]
  0x0000023bcc09d020 JavaThread "Worker-0"                          [_thread_blocked, id=4988, stack(0x000000525b800000,0x000000525b900000) (1024K)]
  0x0000023bcc09d6b0 JavaThread "Java indexing"              daemon [_thread_blocked, id=9644, stack(0x000000525ba00000,0x000000525bb00000) (1024K)]
  0x0000023bcc09dd40 JavaThread "Worker-2"                          [_thread_blocked, id=7260, stack(0x000000525be00000,0x000000525bf00000) (1024K)]
  0x0000023bcc09e3d0 JavaThread "Thread-2"                   daemon [_thread_in_native, id=2408, stack(0x000000525c000000,0x000000525c100000) (1024K)]
  0x0000023bcc09ea60 JavaThread "Thread-3"                   daemon [_thread_in_native, id=11072, stack(0x000000525c100000,0x000000525c200000) (1024K)]
  0x0000023bcf7eb980 JavaThread "Thread-4"                   daemon [_thread_in_native, id=7572, stack(0x000000525c200000,0x000000525c300000) (1024K)]
  0x0000023bcf7ea5d0 JavaThread "Thread-5"                   daemon [_thread_in_native, id=14232, stack(0x000000525c300000,0x000000525c400000) (1024K)]
  0x0000023bcf7e98b0 JavaThread "Thread-6"                   daemon [_thread_in_native, id=14928, stack(0x000000525c400000,0x000000525c500000) (1024K)]
  0x0000023bcf7e6430 JavaThread "Thread-7"                   daemon [_thread_in_native, id=5744, stack(0x000000525c500000,0x000000525c600000) (1024K)]
  0x0000023bcf7e9f40 JavaThread "Thread-8"                   daemon [_thread_in_native, id=1740, stack(0x000000525c600000,0x000000525c700000) (1024K)]
  0x0000023bcf7eac60 JavaThread "Thread-9"                   daemon [_thread_in_native, id=7808, stack(0x000000525c700000,0x000000525c800000) (1024K)]
  0x0000023bcf7e6ac0 JavaThread "Thread-10"                  daemon [_thread_in_native, id=13064, stack(0x000000525c800000,0x000000525c900000) (1024K)]
  0x0000023bcf7eb2f0 JavaThread "pool-2-thread-1"                   [_thread_blocked, id=2396, stack(0x000000525c900000,0x000000525ca00000) (1024K)]
  0x0000023bcf7e5080 JavaThread "WorkspaceEventsHandler"            [_thread_blocked, id=9092, stack(0x000000525ca00000,0x000000525cb00000) (1024K)]
  0x0000023bcf7ec010 JavaThread "pool-1-thread-1"                   [_thread_blocked, id=13964, stack(0x000000525cb00000,0x000000525cc00000) (1024K)]
  0x0000023bcf7e7150 JavaThread "ForkJoinPool.commonPool-worker-1" daemon [_thread_blocked, id=13604, stack(0x000000525cc00000,0x000000525cd00000) (1024K)]
  0x0000023bcf7ec6a0 JavaThread "ForkJoinPool.commonPool-worker-2" daemon [_thread_blocked, id=13724, stack(0x000000525cd00000,0x000000525ce00000) (1024K)]
  0x0000023bcf7e8b90 JavaThread "ForkJoinPool.commonPool-worker-3" daemon [_thread_blocked, id=3932, stack(0x000000525ce00000,0x000000525cf00000) (1024K)]
  0x0000023bcf7e5710 JavaThread "ForkJoinPool.commonPool-worker-4" daemon [_thread_blocked, id=11332, stack(0x000000525cf00000,0x000000525d000000) (1024K)]
  0x0000023bcf7e8500 JavaThread "ForkJoinPool.commonPool-worker-5" daemon [_thread_blocked, id=11500, stack(0x000000525d000000,0x000000525d100000) (1024K)]
  0x0000023bcf7e77e0 JavaThread "ForkJoinPool.commonPool-worker-6" daemon [_thread_blocked, id=4668, stack(0x000000525d100000,0x000000525d200000) (1024K)]
  0x0000023bcf7e7e70 JavaThread "ForkJoinPool.commonPool-worker-7" daemon [_thread_blocked, id=12020, stack(0x000000525d200000,0x000000525d300000) (1024K)]
=>0x0000023bcfc5ea90 JavaThread "Worker-4: Publish Diagnostics"        [_thread_in_vm, id=11020, stack(0x000000525d300000,0x000000525d400000) (1024K)]
  0x0000023bcfc5e400 JavaThread "Cleaner-0"                  daemon [_thread_blocked, id=14836, stack(0x000000525bb00000,0x000000525bc00000) (1024K)]
Total: 43

Other Threads:
  0x0000023bedaa2940 VMThread "VM Thread"                           [id=14764, stack(0x0000005259b00000,0x0000005259c00000) (1024K)]
  0x0000023b844dc3e0 WatcherThread "VM Periodic Task Thread"        [id=4692, stack(0x0000005259a00000,0x0000005259b00000) (1024K)]
  0x0000023beda00670 WorkerThread "GC Thread#0"                     [id=15464, stack(0x0000005259900000,0x0000005259a00000) (1024K)]
  0x0000023bcb7788f0 WorkerThread "GC Thread#1"                     [id=5988, stack(0x000000525a900000,0x000000525aa00000) (1024K)]
  0x0000023bcb7798b0 WorkerThread "GC Thread#2"                     [id=14116, stack(0x000000525aa00000,0x000000525ab00000) (1024K)]
  0x0000023bcb9db6f0 WorkerThread "GC Thread#3"                     [id=16252, stack(0x000000525ab00000,0x000000525ac00000) (1024K)]
  0x0000023bcb9dba90 WorkerThread "GC Thread#4"                     [id=9244, stack(0x000000525ac00000,0x000000525ad00000) (1024K)]
  0x0000023bcb9dbe30 WorkerThread "GC Thread#5"                     [id=10732, stack(0x000000525ad00000,0x000000525ae00000) (1024K)]
  0x0000023bcb9dc1d0 WorkerThread "GC Thread#6"                     [id=14016, stack(0x000000525ae00000,0x000000525af00000) (1024K)]
  0x0000023bcb7408f0 WorkerThread "GC Thread#7"                     [id=8504, stack(0x000000525a600000,0x000000525a700000) (1024K)]
Total: 10

Threads with active compile tasks:
Total: 0

VM state: not at safepoint (normal execution)

VM Mutex/Monitor currently owned by a thread: None

Heap address: 0x0000000080000000, size: 2048 MB, Compressed Oops mode: 32-bit

CDS archive(s) mapped at: [0x0000023b85000000-0x0000023b85ba0000-0x0000023b85ba0000), size 12189696, SharedBaseAddress: 0x0000023b85000000, ArchiveRelocationMode: 1.
Compressed class space mapped at: 0x0000023b86000000-0x0000023bc6000000, reserved size: 1073741824
Narrow klass base: 0x0000023b85000000, Narrow klass shift: 0, Narrow klass range: 0x100000000

GC Precious Log:
 CardTable entry size: 512
 CPUs: 8 total, 8 available
 Memory: 15284M
 Large Page Support: Disabled
 NUMA Support: Disabled
 Compressed Oops: Enabled (32-bit)
 Alignments: Space 512K, Generation 512K, Heap 2M
 Heap Min Capacity: 100M
 Heap Initial Capacity: 100M
 Heap Max Capacity: 2G
 Pre-touch: Disabled
 Parallel Workers: 8

Heap:
 PSYoungGen      total 7680K, used 5446K [0x00000000d5580000, 0x00000000d5e00000, 0x0000000100000000)
  eden space 6656K, 67% used [0x00000000d5580000,0x00000000d59e0720,0x00000000d5c00000)
  from space 1024K, 94% used [0x00000000d5c00000,0x00000000d5cf1210,0x00000000d5d00000)
  to   space 1024K, 0% used [0x00000000d5d00000,0x00000000d5d00000,0x00000000d5e00000)
 ParOldGen       total 201216K, used 201160K [0x0000000080000000, 0x000000008c480000, 0x00000000d5580000)
  object space 201216K, 99% used [0x0000000080000000,0x000000008c4720c0,0x000000008c480000)
 Metaspace       used 71852K, committed 73536K, reserved 1114112K
  class space    used 7446K, committed 8256K, reserved 1048576K

Card table byte_map: [0x0000023bed390000,0x0000023bed7a0000] _byte_map_base: 0x0000023becf90000

Marking Bits: (ParMarkBitMap*) 0x00007ffcf968a340
 Begin Bits: [0x0000023b80000000, 0x0000023b82000000)
 End Bits:   [0x0000023b82000000, 0x0000023b84000000)

Polling page: 0x0000023beb9b0000

Metaspace:

Usage:
  Non-class:     62.90 MB used.
      Class:      7.27 MB used.
       Both:     70.17 MB used.

Virtual space:
  Non-class space:       64.00 MB reserved,      63.75 MB (>99%) committed,  1 nodes.
      Class space:        1.00 GB reserved,       8.06 MB ( <1%) committed,  1 nodes.
             Both:        1.06 GB reserved,      71.81 MB (  7%) committed. 

Chunk freelists:
   Non-Class:  134.00 KB
       Class:  7.87 MB
        Both:  8.00 MB

MaxMetaspaceSize: unlimited
CompressedClassSpaceSize: 1.00 GB
Initial GC threshold: 21.00 MB
Current GC threshold: 97.31 MB
CDS: on
 - commit_granule_bytes: 65536.
 - commit_granule_words: 8192.
 - virtual_space_node_default_size: 8388608.
 - enlarge_chunks_in_place: 1.
 - use_allocation_guard: 0.


Internal statistics:

num_allocs_failed_limit: 9.
num_arena_births: 1402.
num_arena_deaths: 30.
num_vsnodes_births: 2.
num_vsnodes_deaths: 0.
num_space_committed: 1149.
num_space_uncommitted: 0.
num_chunks_returned_to_freelist: 46.
num_chunks_taken_from_freelist: 4873.
num_chunk_merges: 10.
num_chunk_splits: 2983.
num_chunks_enlarged: 1698.
num_inconsistent_stats: 0.

CodeHeap 'non-profiled nmethods': size=120000Kb used=11065Kb max_used=11065Kb free=108934Kb
 bounds [0x0000023bf86b0000, 0x0000023bf9180000, 0x0000023bffbe0000]
CodeHeap 'profiled nmethods': size=120000Kb used=31429Kb max_used=31429Kb free=88570Kb
 bounds [0x0000023bf0be0000, 0x0000023bf2aa0000, 0x0000023bf8110000]
CodeHeap 'non-nmethods': size=5760Kb used=1461Kb max_used=1548Kb free=4298Kb
 bounds [0x0000023bf8110000, 0x0000023bf8380000, 0x0000023bf86b0000]
CodeCache: size=245760Kb, used=43955Kb, max_used=44042Kb, free=201802Kb
 total_blobs=13941, nmethods=13159, adapters=685, full_count=0
Compilation: enabled, stopped_count=0, restarted_count=0

Compilation events (20 events):
Event: 128.050 Thread 0x0000023b845ca610 nmethod 13990 0x0000023bf2a8fd10 code [0x0000023bf2a8fec0, 0x0000023bf2a90098]
Event: 128.050 Thread 0x0000023b845ca610 13989       3       org.eclipse.jdt.core.dom.ExpressionStatement::accept0 (25 bytes)
Event: 128.050 Thread 0x0000023b845ca610 nmethod 13989 0x0000023bf2a90190 code [0x0000023bf2a90380, 0x0000023bf2a90778]
Event: 128.060 Thread 0x0000023bd0307050 nmethod 13976 0x0000023bf915b290 code [0x0000023bf915b4a0, 0x0000023bf915bd28]
Event: 128.060 Thread 0x0000023bd0307050 13991   !   4       com.google.gson.internal.bind.ReflectiveTypeAdapterFactory$2::write (140 bytes)
Event: 128.061 Thread 0x0000023bd03039d0 nmethod 13954 0x0000023bf915c310 code [0x0000023bf915c5c0, 0x0000023bf915d650]
Event: 128.061 Thread 0x0000023bd03039d0 13980   !   4       lombok.core.FieldAugment$ReflectionFieldAugment::get (61 bytes)
Event: 128.318 Thread 0x0000023bd03039d0 nmethod 13980 0x0000023bf915e090 code [0x0000023bf915e900, 0x0000023bf9163d90]
Event: 128.318 Thread 0x0000023bd03039d0 13987       4       org.eclipse.jdt.internal.core.ClasspathAttribute::equals (46 bytes)
Event: 128.321 Thread 0x0000023bd03039d0 nmethod 13987 0x0000023bf9167390 code [0x0000023bf9167540, 0x0000023bf9167880]
Event: 128.359 Thread 0x0000023bd0307050 nmethod 13991 0x0000023bf9167a10 code [0x0000023bf91684c0, 0x0000023bf916e4a0]
Event: 128.577 Thread 0x0000023b845c8150 nmethod 13939 0x0000023bf9172910 code [0x0000023bf9172f60, 0x0000023bf917b0d8]
Event: 150.244 Thread 0x0000023b845ca610 13992       3       java.util.UUID::randomUUID (63 bytes)
Event: 150.245 Thread 0x0000023b845ca610 nmethod 13992 0x0000023bf2a90910 code [0x0000023bf2a90ae0, 0x0000023bf2a90d98]
Event: 150.246 Thread 0x0000023b845ca610 13993       3       java.util.regex.Pattern$BitClass::<init> (14 bytes)
Event: 150.247 Thread 0x0000023b845ca610 nmethod 13993 0x0000023bf2a90e90 code [0x0000023bf2a91040, 0x0000023bf2a91260]
Event: 150.250 Thread 0x0000023b845c8150 13994       4       org.eclipse.jdt.internal.compiler.parser.Parser::pushOnTypeAnnotationLengthStack (53 bytes)
Event: 150.250 Thread 0x0000023b845ca610 13995       3       org.eclipse.jdt.internal.compiler.parser.Parser::consumeClassBodyDeclarations (5 bytes)
Event: 150.251 Thread 0x0000023b845ca610 nmethod 13995 0x0000023bf2a91310 code [0x0000023bf2a914c0, 0x0000023bf2a91680]
Event: 150.252 Thread 0x0000023b845c8150 nmethod 13994 0x0000023bf917e390 code [0x0000023bf917e520, 0x0000023bf917e620]

GC Heap History (20 events):
Event: 100.230 GC heap before
{Heap before GC invocations=199 (full 3):
 PSYoungGen      total 8192K, used 8180K [0x00000000d5580000, 0x00000000d6080000, 0x0000000100000000)
  eden space 7168K, 100% used [0x00000000d5580000,0x00000000d5c80000,0x00000000d5c80000)
  from space 1024K, 98% used [0x00000000d5d00000,0x00000000d5dfd200,0x00000000d5e00000)
  to   space 2048K, 0% used [0x00000000d5e80000,0x00000000d5e80000,0x00000000d6080000)
 ParOldGen       total 193024K, used 192825K [0x0000000080000000, 0x000000008bc80000, 0x00000000d5580000)
  object space 193024K, 99% used [0x0000000080000000,0x000000008bc4e590,0x000000008bc80000)
 Metaspace       used 71484K, committed 73152K, reserved 1114112K
  class space    used 7446K, committed 8256K, reserved 1048576K
}
Event: 100.233 GC heap after
{Heap after GC invocations=199 (full 3):
 PSYoungGen      total 8192K, used 868K [0x00000000d5580000, 0x00000000d5f80000, 0x0000000100000000)
  eden space 7168K, 0% used [0x00000000d5580000,0x00000000d5580000,0x00000000d5c80000)
  from space 1024K, 84% used [0x00000000d5e80000,0x00000000d5f59210,0x00000000d5f80000)
  to   space 1536K, 0% used [0x00000000d5c80000,0x00000000d5c80000,0x00000000d5e00000)
 ParOldGen       total 194048K, used 193794K [0x0000000080000000, 0x000000008bd80000, 0x00000000d5580000)
  object space 194048K, 99% used [0x0000000080000000,0x000000008bd40a40,0x000000008bd80000)
 Metaspace       used 71484K, committed 73152K, reserved 1114112K
  class space    used 7446K, committed 8256K, reserved 1048576K
}
Event: 100.255 GC heap before
{Heap before GC invocations=200 (full 3):
 PSYoungGen      total 8192K, used 8036K [0x00000000d5580000, 0x00000000d5f80000, 0x0000000100000000)
  eden space 7168K, 100% used [0x00000000d5580000,0x00000000d5c80000,0x00000000d5c80000)
  from space 1024K, 84% used [0x00000000d5e80000,0x00000000d5f59210,0x00000000d5f80000)
  to   space 1536K, 0% used [0x00000000d5c80000,0x00000000d5c80000,0x00000000d5e00000)
 ParOldGen       total 194048K, used 193794K [0x0000000080000000, 0x000000008bd80000, 0x00000000d5580000)
  object space 194048K, 99% used [0x0000000080000000,0x000000008bd40a40,0x000000008bd80000)
 Metaspace       used 71503K, committed 73152K, reserved 1114112K
  class space    used 7446K, committed 8256K, reserved 1048576K
}
Event: 100.258 GC heap after
{Heap after GC invocations=200 (full 3):
 PSYoungGen      total 8704K, used 1188K [0x00000000d5580000, 0x00000000d5f80000, 0x0000000100000000)
  eden space 7168K, 0% used [0x00000000d5580000,0x00000000d5580000,0x00000000d5c80000)
  from space 1536K, 77% used [0x00000000d5c80000,0x00000000d5da9210,0x00000000d5e00000)
  to   space 1536K, 0% used [0x00000000d5e00000,0x00000000d5e00000,0x00000000d5f80000)
 ParOldGen       total 195072K, used 194631K [0x0000000080000000, 0x000000008be80000, 0x00000000d5580000)
  object space 195072K, 99% used [0x0000000080000000,0x000000008be11c70,0x000000008be80000)
 Metaspace       used 71503K, committed 73152K, reserved 1114112K
  class space    used 7446K, committed 8256K, reserved 1048576K
}
Event: 100.280 GC heap before
{Heap before GC invocations=201 (full 3):
 PSYoungGen      total 8704K, used 8356K [0x00000000d5580000, 0x00000000d5f80000, 0x0000000100000000)
  eden space 7168K, 100% used [0x00000000d5580000,0x00000000d5c80000,0x00000000d5c80000)
  from space 1536K, 77% used [0x00000000d5c80000,0x00000000d5da9210,0x00000000d5e00000)
  to   space 1536K, 0% used [0x00000000d5e00000,0x00000000d5e00000,0x00000000d5f80000)
 ParOldGen       total 195072K, used 194631K [0x0000000080000000, 0x000000008be80000, 0x00000000d5580000)
  object space 195072K, 99% used [0x0000000080000000,0x000000008be11c70,0x000000008be80000)
 Metaspace       used 71535K, committed 73216K, reserved 1114112K
  class space    used 7446K, committed 8256K, reserved 1048576K
}
Event: 100.283 GC heap after
{Heap after GC invocations=201 (full 3):
 PSYoungGen      total 8192K, used 832K [0x00000000d5580000, 0x00000000d5f00000, 0x0000000100000000)
  eden space 7168K, 0% used [0x00000000d5580000,0x00000000d5580000,0x00000000d5c80000)
  from space 1024K, 81% used [0x00000000d5e00000,0x00000000d5ed0000,0x00000000d5f00000)
  to   space 1024K, 0% used [0x00000000d5d00000,0x00000000d5d00000,0x00000000d5e00000)
 ParOldGen       total 196096K, used 195659K [0x0000000080000000, 0x000000008bf80000, 0x00000000d5580000)
  object space 196096K, 99% used [0x0000000080000000,0x000000008bf12ec0,0x000000008bf80000)
 Metaspace       used 71535K, committed 73216K, reserved 1114112K
  class space    used 7446K, committed 8256K, reserved 1048576K
}
Event: 100.484 GC heap before
{Heap before GC invocations=202 (full 3):
 PSYoungGen      total 8192K, used 8000K [0x00000000d5580000, 0x00000000d5f00000, 0x0000000100000000)
  eden space 7168K, 100% used [0x00000000d5580000,0x00000000d5c80000,0x00000000d5c80000)
  from space 1024K, 81% used [0x00000000d5e00000,0x00000000d5ed0000,0x00000000d5f00000)
  to   space 1024K, 0% used [0x00000000d5d00000,0x00000000d5d00000,0x00000000d5e00000)
 ParOldGen       total 196096K, used 195659K [0x0000000080000000, 0x000000008bf80000, 0x00000000d5580000)
  object space 196096K, 99% used [0x0000000080000000,0x000000008bf12ec0,0x000000008bf80000)
 Metaspace       used 71653K, committed 73344K, reserved 1114112K
  class space    used 7446K, committed 8256K, reserved 1048576K
}
Event: 100.486 GC heap after
{Heap after GC invocations=202 (full 3):
 PSYoungGen      total 8192K, used 788K [0x00000000d5580000, 0x00000000d5e80000, 0x0000000100000000)
  eden space 7168K, 0% used [0x00000000d5580000,0x00000000d5580000,0x00000000d5c80000)
  from space 1024K, 77% used [0x00000000d5d00000,0x00000000d5dc5200,0x00000000d5e00000)
  to   space 512K, 0% used [0x00000000d5e00000,0x00000000d5e00000,0x00000000d5e80000)
 ParOldGen       total 196608K, used 196416K [0x0000000080000000, 0x000000008c000000, 0x00000000d5580000)
  object space 196608K, 99% used [0x0000000080000000,0x000000008bfd0180,0x000000008c000000)
 Metaspace       used 71653K, committed 73344K, reserved 1114112K
  class space    used 7446K, committed 8256K, reserved 1048576K
}
Event: 100.535 GC heap before
{Heap before GC invocations=203 (full 3):
 PSYoungGen      total 8192K, used 7956K [0x00000000d5580000, 0x00000000d5e80000, 0x0000000100000000)
  eden space 7168K, 100% used [0x00000000d5580000,0x00000000d5c80000,0x00000000d5c80000)
  from space 1024K, 77% used [0x00000000d5d00000,0x00000000d5dc5200,0x00000000d5e00000)
  to   space 512K, 0% used [0x00000000d5e00000,0x00000000d5e00000,0x00000000d5e80000)
 ParOldGen       total 196608K, used 196416K [0x0000000080000000, 0x000000008c000000, 0x00000000d5580000)
  object space 196608K, 99% used [0x0000000080000000,0x000000008bfd0180,0x000000008c000000)
 Metaspace       used 71666K, committed 73344K, reserved 1114112K
  class space    used 7446K, committed 8256K, reserved 1048576K
}
Event: 100.537 GC heap after
{Heap after GC invocations=203 (full 3):
 PSYoungGen      total 7168K, used 512K [0x00000000d5580000, 0x00000000d6080000, 0x0000000100000000)
  eden space 6656K, 0% used [0x00000000d5580000,0x00000000d5580000,0x00000000d5c00000)
  from space 512K, 100% used [0x00000000d5e00000,0x00000000d5e80000,0x00000000d5e80000)
  to   space 2048K, 0% used [0x00000000d5c00000,0x00000000d5c00000,0x00000000d5e00000)
 ParOldGen       total 197632K, used 197449K [0x0000000080000000, 0x000000008c100000, 0x00000000d5580000)
  object space 197632K, 99% used [0x0000000080000000,0x000000008c0d2650,0x000000008c100000)
 Metaspace       used 71666K, committed 73344K, reserved 1114112K
  class space    used 7446K, committed 8256K, reserved 1048576K
}
Event: 102.125 GC heap before
{Heap before GC invocations=204 (full 3):
 PSYoungGen      total 7168K, used 7168K [0x00000000d5580000, 0x00000000d6080000, 0x0000000100000000)
  eden space 6656K, 100% used [0x00000000d5580000,0x00000000d5c00000,0x00000000d5c00000)
  from space 512K, 100% used [0x00000000d5e00000,0x00000000d5e80000,0x00000000d5e80000)
  to   space 2048K, 0% used [0x00000000d5c00000,0x00000000d5c00000,0x00000000d5e00000)
 ParOldGen       total 197632K, used 197449K [0x0000000080000000, 0x000000008c100000, 0x00000000d5580000)
  object space 197632K, 99% used [0x0000000080000000,0x000000008c0d2650,0x000000008c100000)
 Metaspace       used 71743K, committed 73472K, reserved 1114112K
  class space    used 7446K, committed 8256K, reserved 1048576K
}
Event: 102.126 GC heap after
{Heap after GC invocations=204 (full 3):
 PSYoungGen      total 7680K, used 1012K [0x00000000d5580000, 0x00000000d5f00000, 0x0000000100000000)
  eden space 6656K, 0% used [0x00000000d5580000,0x00000000d5580000,0x00000000d5c00000)
  from space 1024K, 98% used [0x00000000d5c00000,0x00000000d5cfd200,0x00000000d5d00000)
  to   space 1536K, 0% used [0x00000000d5d80000,0x00000000d5d80000,0x00000000d5f00000)
 ParOldGen       total 198144K, used 197977K [0x0000000080000000, 0x000000008c180000, 0x00000000d5580000)
  object space 198144K, 99% used [0x0000000080000000,0x000000008c156650,0x000000008c180000)
 Metaspace       used 71743K, committed 73472K, reserved 1114112K
  class space    used 7446K, committed 8256K, reserved 1048576K
}
Event: 102.163 GC heap before
{Heap before GC invocations=205 (full 3):
 PSYoungGen      total 7680K, used 7668K [0x00000000d5580000, 0x00000000d5f00000, 0x0000000100000000)
  eden space 6656K, 100% used [0x00000000d5580000,0x00000000d5c00000,0x00000000d5c00000)
  from space 1024K, 98% used [0x00000000d5c00000,0x00000000d5cfd200,0x00000000d5d00000)
  to   space 1536K, 0% used [0x00000000d5d80000,0x00000000d5d80000,0x00000000d5f00000)
 ParOldGen       total 198144K, used 197977K [0x0000000080000000, 0x000000008c180000, 0x00000000d5580000)
  object space 198144K, 99% used [0x0000000080000000,0x000000008c156650,0x000000008c180000)
 Metaspace       used 71772K, committed 73472K, reserved 1114112K
  class space    used 7446K, committed 8256K, reserved 1048576K
}
Event: 102.165 GC heap after
{Heap after GC invocations=205 (full 3):
 PSYoungGen      total 8192K, used 996K [0x00000000d5580000, 0x00000000d5f00000, 0x0000000100000000)
  eden space 6656K, 0% used [0x00000000d5580000,0x00000000d5580000,0x00000000d5c00000)
  from space 1536K, 64% used [0x00000000d5d80000,0x00000000d5e79210,0x00000000d5f00000)
  to   space 1536K, 0% used [0x00000000d5c00000,0x00000000d5c00000,0x00000000d5d80000)
 ParOldGen       total 199168K, used 198835K [0x0000000080000000, 0x000000008c280000, 0x00000000d5580000)
  object space 199168K, 99% used [0x0000000080000000,0x000000008c22cd40,0x000000008c280000)
 Metaspace       used 71772K, committed 73472K, reserved 1114112K
  class space    used 7446K, committed 8256K, reserved 1048576K
}
Event: 108.490 GC heap before
{Heap before GC invocations=206 (full 3):
 PSYoungGen      total 8192K, used 7652K [0x00000000d5580000, 0x00000000d5f00000, 0x0000000100000000)
  eden space 6656K, 100% used [0x00000000d5580000,0x00000000d5c00000,0x00000000d5c00000)
  from space 1536K, 64% used [0x00000000d5d80000,0x00000000d5e79210,0x00000000d5f00000)
  to   space 1536K, 0% used [0x00000000d5c00000,0x00000000d5c00000,0x00000000d5d80000)
 ParOldGen       total 199168K, used 198835K [0x0000000080000000, 0x000000008c280000, 0x00000000d5580000)
  object space 199168K, 99% used [0x0000000080000000,0x000000008c22cd40,0x000000008c280000)
 Metaspace       used 71808K, committed 73536K, reserved 1114112K
  class space    used 7446K, committed 8256K, reserved 1048576K
}
Event: 108.492 GC heap after
{Heap after GC invocations=206 (full 3):
 PSYoungGen      total 7680K, used 842K [0x00000000d5580000, 0x00000000d5e00000, 0x0000000100000000)
  eden space 6656K, 0% used [0x00000000d5580000,0x00000000d5580000,0x00000000d5c00000)
  from space 1024K, 82% used [0x00000000d5c00000,0x00000000d5cd2910,0x00000000d5d00000)
  to   space 1024K, 0% used [0x00000000d5d00000,0x00000000d5d00000,0x00000000d5e00000)
 ParOldGen       total 200192K, used 199729K [0x0000000080000000, 0x000000008c380000, 0x00000000d5580000)
  object space 200192K, 99% used [0x0000000080000000,0x000000008c30c6e0,0x000000008c380000)
 Metaspace       used 71808K, committed 73536K, reserved 1114112K
  class space    used 7446K, committed 8256K, reserved 1048576K
}
Event: 108.523 GC heap before
{Heap before GC invocations=207 (full 3):
 PSYoungGen      total 7680K, used 7498K [0x00000000d5580000, 0x00000000d5e00000, 0x0000000100000000)
  eden space 6656K, 100% used [0x00000000d5580000,0x00000000d5c00000,0x00000000d5c00000)
  from space 1024K, 82% used [0x00000000d5c00000,0x00000000d5cd2910,0x00000000d5d00000)
  to   space 1024K, 0% used [0x00000000d5d00000,0x00000000d5d00000,0x00000000d5e00000)
 ParOldGen       total 200192K, used 199729K [0x0000000080000000, 0x000000008c380000, 0x00000000d5580000)
  object space 200192K, 99% used [0x0000000080000000,0x000000008c30c6e0,0x000000008c380000)
 Metaspace       used 71815K, committed 73536K, reserved 1114112K
  class space    used 7446K, committed 8256K, reserved 1048576K
}
Event: 108.525 GC heap after
{Heap after GC invocations=207 (full 3):
 PSYoungGen      total 7680K, used 736K [0x00000000d5580000, 0x00000000d5e00000, 0x0000000100000000)
  eden space 6656K, 0% used [0x00000000d5580000,0x00000000d5580000,0x00000000d5c00000)
  from space 1024K, 71% used [0x00000000d5d00000,0x00000000d5db8000,0x00000000d5e00000)
  to   space 1024K, 0% used [0x00000000d5c00000,0x00000000d5c00000,0x00000000d5d00000)
 ParOldGen       total 200704K, used 200508K [0x0000000080000000, 0x000000008c400000, 0x00000000d5580000)
  object space 200704K, 99% used [0x0000000080000000,0x000000008c3cf070,0x000000008c400000)
 Metaspace       used 71815K, committed 73536K, reserved 1114112K
  class space    used 7446K, committed 8256K, reserved 1048576K
}
Event: 128.024 GC heap before
{Heap before GC invocations=208 (full 3):
 PSYoungGen      total 7680K, used 7392K [0x00000000d5580000, 0x00000000d5e00000, 0x0000000100000000)
  eden space 6656K, 100% used [0x00000000d5580000,0x00000000d5c00000,0x00000000d5c00000)
  from space 1024K, 71% used [0x00000000d5d00000,0x00000000d5db8000,0x00000000d5e00000)
  to   space 1024K, 0% used [0x00000000d5c00000,0x00000000d5c00000,0x00000000d5d00000)
 ParOldGen       total 200704K, used 200508K [0x0000000080000000, 0x000000008c400000, 0x00000000d5580000)
  object space 200704K, 99% used [0x0000000080000000,0x000000008c3cf070,0x000000008c400000)
 Metaspace       used 71836K, committed 73536K, reserved 1114112K
  class space    used 7446K, committed 8256K, reserved 1048576K
}
Event: 128.026 GC heap after
{Heap after GC invocations=208 (full 3):
 PSYoungGen      total 7680K, used 964K [0x00000000d5580000, 0x00000000d5e00000, 0x0000000100000000)
  eden space 6656K, 0% used [0x00000000d5580000,0x00000000d5580000,0x00000000d5c00000)
  from space 1024K, 94% used [0x00000000d5c00000,0x00000000d5cf1210,0x00000000d5d00000)
  to   space 1024K, 0% used [0x00000000d5d00000,0x00000000d5d00000,0x00000000d5e00000)
 ParOldGen       total 201216K, used 201160K [0x0000000080000000, 0x000000008c480000, 0x00000000d5580000)
  object space 201216K, 99% used [0x0000000080000000,0x000000008c4720c0,0x000000008c480000)
 Metaspace       used 71836K, committed 73536K, reserved 1114112K
  class space    used 7446K, committed 8256K, reserved 1048576K
}

Dll operation events (11 events):
Event: 0.015 Loaded shared library c:\Users\SENA\.vscode\extensions\redhat.java-1.45.0-win32-x64\jre\21.0.8-win32-x86_64\bin\java.dll
Event: 0.096 Loaded shared library c:\Users\SENA\.vscode\extensions\redhat.java-1.45.0-win32-x64\jre\21.0.8-win32-x86_64\bin\zip.dll
Event: 0.125 Loaded shared library C:\Users\SENA\.vscode\extensions\redhat.java-1.45.0-win32-x64\jre\21.0.8-win32-x86_64\bin\instrument.dll
Event: 0.134 Loaded shared library C:\Users\SENA\.vscode\extensions\redhat.java-1.45.0-win32-x64\jre\21.0.8-win32-x86_64\bin\net.dll
Event: 0.137 Loaded shared library C:\Users\SENA\.vscode\extensions\redhat.java-1.45.0-win32-x64\jre\21.0.8-win32-x86_64\bin\nio.dll
Event: 0.143 Loaded shared library C:\Users\SENA\.vscode\extensions\redhat.java-1.45.0-win32-x64\jre\21.0.8-win32-x86_64\bin\zip.dll
Event: 0.172 Loaded shared library C:\Users\SENA\.vscode\extensions\redhat.java-1.45.0-win32-x64\jre\21.0.8-win32-x86_64\bin\jimage.dll
Event: 0.280 Loaded shared library c:\Users\SENA\.vscode\extensions\redhat.java-1.45.0-win32-x64\jre\21.0.8-win32-x86_64\bin\verify.dll
Event: 7.267 Loaded shared library C:\Users\SENA\AppData\Roaming\Code\User\globalStorage\redhat.java\1.45.0\config_win\org.eclipse.equinox.launcher\org.eclipse.equinox.launcher.win32.win32.x86_64_1.2.1400.v20250801-0854\eclipse_11916.dll
Event: 20.437 Loaded shared library C:\Users\SENA\AppData\Local\Temp\jna-2541445\jna4252479912152992913.dll
Event: 27.281 Loaded shared library C:\Users\SENA\.vscode\extensions\redhat.java-1.45.0-win32-x64\jre\21.0.8-win32-x86_64\bin\sunmscapi.dll

Deoptimization events (20 events):
Event: 108.483 Thread 0x0000023bcf7e8500 Uncommon trap: trap_request=0xffffffd6 fr.pc=0x0000023bf9139094 relative=0x00000000000069b4
Event: 108.483 Thread 0x0000023bcf7e8500 Uncommon trap: reason=array_check action=maybe_recompile pc=0x0000023bf9139094 method=org.eclipse.jdt.internal.compiler.classfmt.ModuleInfo.readModuleAttribute(I)V @ 1029 c2
Event: 108.483 Thread 0x0000023bcf7e8500 DEOPT PACKING pc=0x0000023bf9139094 sp=0x000000525d0fdb10
Event: 108.483 Thread 0x0000023bcf7e8500 DEOPT UNPACKING pc=0x0000023bf8163aa2 sp=0x000000525d0fdab8 mode 2
Event: 108.483 Thread 0x0000023bcf7e8500 Uncommon trap: trap_request=0xffffffd6 fr.pc=0x0000023bf9139094 relative=0x00000000000069b4
Event: 108.483 Thread 0x0000023bcf7e8500 Uncommon trap: reason=array_check action=maybe_recompile pc=0x0000023bf9139094 method=org.eclipse.jdt.internal.compiler.classfmt.ModuleInfo.readModuleAttribute(I)V @ 1029 c2
Event: 108.483 Thread 0x0000023bcf7e8500 DEOPT PACKING pc=0x0000023bf9139094 sp=0x000000525d0fdb10
Event: 108.483 Thread 0x0000023bcf7e8500 DEOPT UNPACKING pc=0x0000023bf8163aa2 sp=0x000000525d0fdab8 mode 2
Event: 108.483 Thread 0x0000023bcf7e8500 Uncommon trap: trap_request=0xffffffd6 fr.pc=0x0000023bf9139094 relative=0x00000000000069b4
Event: 108.483 Thread 0x0000023bcf7e8500 Uncommon trap: reason=array_check action=maybe_recompile pc=0x0000023bf9139094 method=org.eclipse.jdt.internal.compiler.classfmt.ModuleInfo.readModuleAttribute(I)V @ 1029 c2
Event: 108.483 Thread 0x0000023bcf7e8500 DEOPT PACKING pc=0x0000023bf9139094 sp=0x000000525d0fdb10
Event: 108.483 Thread 0x0000023bcf7e8500 DEOPT UNPACKING pc=0x0000023bf8163aa2 sp=0x000000525d0fdab8 mode 2
Event: 108.532 Thread 0x0000023bcf7e8500 Uncommon trap: trap_request=0xffffff76 fr.pc=0x0000023bf9143a14 relative=0x0000000000000174
Event: 108.532 Thread 0x0000023bcf7e8500 Uncommon trap: reason=predicate action=maybe_recompile pc=0x0000023bf9143a14 method=java.util.HashMap.keysToArray([Ljava/lang/Object;)[Ljava/lang/Object; @ 48 c2
Event: 108.532 Thread 0x0000023bcf7e8500 DEOPT PACKING pc=0x0000023bf9143a14 sp=0x000000525d0fde00
Event: 108.532 Thread 0x0000023bcf7e8500 DEOPT UNPACKING pc=0x0000023bf8163aa2 sp=0x000000525d0fdd88 mode 2
Event: 128.044 Thread 0x0000023bcf7e8500 Uncommon trap: trap_request=0xffffffd6 fr.pc=0x0000023bf9156bb4 relative=0x0000000000000214
Event: 128.044 Thread 0x0000023bcf7e8500 Uncommon trap: reason=array_check action=maybe_recompile pc=0x0000023bf9156bb4 method=java.util.HashMap.keysToArray([Ljava/lang/Object;)[Ljava/lang/Object; @ 62 c2
Event: 128.044 Thread 0x0000023bcf7e8500 DEOPT PACKING pc=0x0000023bf9156bb4 sp=0x000000525d0fde00
Event: 128.044 Thread 0x0000023bcf7e8500 DEOPT UNPACKING pc=0x0000023bf8163aa2 sp=0x000000525d0fdd78 mode 2

Classes loaded (20 events):
Event: 34.873 Loading class java/util/AbstractList$SubList done
Event: 34.873 Loading class java/util/AbstractList$RandomAccessSubList done
Event: 34.873 Loading class java/util/AbstractList$SubList$1
Event: 34.873 Loading class java/util/AbstractList$SubList$1 done
Event: 35.229 Loading class java/util/ArrayDeque$DeqSpliterator
Event: 35.229 Loading class java/util/ArrayDeque$DeqSpliterator done
Event: 35.671 Loading class java/util/HashMap$EntrySpliterator
Event: 35.673 Loading class java/util/HashMap$EntrySpliterator done
Event: 36.334 Loading class jdk/internal/ref/CleanerImpl$InnocuousThreadFactory
Event: 36.334 Loading class jdk/internal/ref/CleanerImpl$InnocuousThreadFactory done
Event: 42.052 Loading class jdk/internal/icu/text/NormalizerBase$NFCModeImpl
Event: 42.052 Loading class jdk/internal/icu/text/NormalizerBase$NFCModeImpl done
Event: 42.052 Loading class jdk/internal/icu/impl/Norm2AllModes$NFCSingleton
Event: 42.052 Loading class jdk/internal/icu/impl/Norm2AllModes$NFCSingleton done
Event: 42.054 Loading class java/nio/StringCharBuffer
Event: 42.054 Loading class java/nio/StringCharBuffer done
Event: 42.170 Loading class java/io/CharArrayReader
Event: 42.170 Loading class java/io/CharArrayReader done
Event: 42.171 Loading class java/util/regex/Pattern$Bound
Event: 42.171 Loading class java/util/regex/Pattern$Bound done

Classes unloaded (15 events):
Event: 20.924 Thread 0x0000023bedaa2940 Unloading class 0x0000023b861aa800 'java/lang/invoke/LambdaForm$MH+0x0000023b861aa800'
Event: 20.924 Thread 0x0000023bedaa2940 Unloading class 0x0000023b861aa400 'java/lang/invoke/LambdaForm$MH+0x0000023b861aa400'
Event: 20.924 Thread 0x0000023bedaa2940 Unloading class 0x0000023b861aa000 'java/lang/invoke/LambdaForm$MH+0x0000023b861aa000'
Event: 20.924 Thread 0x0000023bedaa2940 Unloading class 0x0000023b861a9c00 'java/lang/invoke/LambdaForm$MH+0x0000023b861a9c00'
Event: 20.924 Thread 0x0000023bedaa2940 Unloading class 0x0000023b861a9800 'java/lang/invoke/LambdaForm$BMH+0x0000023b861a9800'
Event: 20.924 Thread 0x0000023bedaa2940 Unloading class 0x0000023b861a9400 'java/lang/invoke/LambdaForm$DMH+0x0000023b861a9400'
Event: 20.924 Thread 0x0000023bedaa2940 Unloading class 0x0000023b861a8000 'java/lang/invoke/LambdaForm$DMH+0x0000023b861a8000'
Event: 27.615 Thread 0x0000023bedaa2940 Unloading class 0x0000023b8668c000 'java/lang/invoke/LambdaForm$MH+0x0000023b8668c000'
Event: 27.615 Thread 0x0000023bedaa2940 Unloading class 0x0000023b8666dc00 'java/lang/invoke/LambdaForm$MH+0x0000023b8666dc00'
Event: 27.615 Thread 0x0000023bedaa2940 Unloading class 0x0000023b8666d000 'java/lang/invoke/LambdaForm$MH+0x0000023b8666d000'
Event: 27.615 Thread 0x0000023bedaa2940 Unloading class 0x0000023b8666c800 'java/lang/invoke/LambdaForm$MH+0x0000023b8666c800'
Event: 27.615 Thread 0x0000023bedaa2940 Unloading class 0x0000023b8666c400 'java/lang/invoke/LambdaForm$MH+0x0000023b8666c400'
Event: 27.615 Thread 0x0000023bedaa2940 Unloading class 0x0000023b86661000 'java/lang/invoke/LambdaForm$MH+0x0000023b86661000'
Event: 27.615 Thread 0x0000023bedaa2940 Unloading class 0x0000023b86660c00 'java/lang/invoke/LambdaForm$MH+0x0000023b86660c00'
Event: 27.615 Thread 0x0000023bedaa2940 Unloading class 0x0000023b86660400 'java/lang/invoke/LambdaForm$MH+0x0000023b86660400'

Classes redefined (0 events):
No events

Internal exceptions (20 events):
Event: 35.247 Thread 0x0000023bcc09c990 Exception <a 'sun/nio/fs/WindowsException'{0x00000000d5874718}> (0x00000000d5874718) 
thrown [s\src\hotspot\share\prims\jni.cpp, line 520]
Event: 35.259 Thread 0x0000023bcf7e5710 Exception <a 'sun/nio/fs/WindowsException'{0x00000000d5a03398}> (0x00000000d5a03398) 
thrown [s\src\hotspot\share\prims\jni.cpp, line 520]
Event: 35.259 Thread 0x0000023bcf7e5710 Exception <a 'sun/nio/fs/WindowsException'{0x00000000d5a03c98}> (0x00000000d5a03c98) 
thrown [s\src\hotspot\share\prims\jni.cpp, line 520]
Event: 35.345 Thread 0x0000023bcf7e7e70 Implicit null exception at 0x0000023bf8ce545a to 0x0000023bf8ce54b3
Event: 35.620 Thread 0x0000023bcf7ec010 Exception <a 'java/lang/IncompatibleClassChangeError'{0x00000000d55efa10}: Found class java.lang.Object, but interface was expected> (0x00000000d55efa10) 
thrown [s\src\hotspot\share\interpreter\linkResolver.cpp, line 840]
Event: 35.697 Thread 0x0000023bcf7ec010 Exception <a 'java/lang/IncompatibleClassChangeError'{0x00000000d5ae5a90}: Found class java.lang.Object, but interface was expected> (0x00000000d5ae5a90) 
thrown [s\src\hotspot\share\interpreter\linkResolver.cpp, line 840]
Event: 35.730 Thread 0x0000023bcf7e8500 Exception <a 'java/lang/NoSuchMethodError'{0x00000000d5c75818}: 'java.lang.Object java.lang.invoke.DirectMethodHandle$Holder.invokeSpecial(java.lang.Object, java.lang.Object, java.lang.Object, java.lang.Object, int, java.lang.Object, java.lang.Object)'> (0x00000000d5c75818) 
thrown [s\src\hotspot\share\interpreter\linkResolver.cpp, line 773]
Event: 35.779 Thread 0x0000023bcc09c990 Exception <a 'java/lang/NoSuchMethodError'{0x00000000d5588a68}: 'java.lang.Object java.lang.invoke.DirectMethodHandle$Holder.invokeStatic(java.lang.Object, java.lang.Object, int, java.lang.Object)'> (0x00000000d5588a68) 
thrown [s\src\hotspot\share\interpreter\linkResolver.cpp, line 773]
Event: 35.780 Thread 0x0000023bcc09c990 Exception <a 'java/lang/NoSuchMethodError'{0x00000000d55a6ee0}: 'java.lang.Object java.lang.invoke.DirectMethodHandle$Holder.newInvokeSpecial(java.lang.Object, java.lang.Object, int)'> (0x00000000d55a6ee0) 
thrown [s\src\hotspot\share\interpreter\linkResolver.cpp, line 773]
Event: 35.793 Thread 0x0000023bcf7e8500 Implicit null exception at 0x0000023bf8d56b76 to 0x0000023bf8d56fc4
Event: 37.565 Thread 0x0000023bcf7e77e0 Exception <a 'java/lang/ArrayIndexOutOfBoundsException'{0x00000000d5b20ce8}> (0x00000000d5b20ce8) 
thrown [s\src\hotspot\share\runtime\sharedRuntime.cpp, line 625]
Event: 41.833 Thread 0x0000023bcf7ec010 Exception <a 'java/lang/IncompatibleClassChangeError'{0x00000000d5806d98}: Found class java.lang.Object, but interface was expected> (0x00000000d5806d98) 
thrown [s\src\hotspot\share\interpreter\linkResolver.cpp, line 840]
Event: 42.222 Thread 0x0000023bcf7e77e0 Exception <a 'java/lang/ClassNotFoundException'{0x00000000d58d7e58}: sun/net/www/protocol/eclipse-javadoc/Handler> (0x00000000d58d7e58) 
thrown [s\src\hotspot\share\classfile\systemDictionary.cpp, line 312]
Event: 42.222 Thread 0x0000023bcf7e8500 Exception <a 'java/lang/ClassNotFoundException'{0x00000000d58e1340}: sun/net/www/protocol/eclipse-javadoc/Handler> (0x00000000d58e1340) 
thrown [s\src\hotspot\share\classfile\systemDictionary.cpp, line 312]
Event: 42.222 Thread 0x0000023bcf7e7150 Exception <a 'java/lang/ClassNotFoundException'{0x00000000d58cddb0}: sun/net/www/protocol/eclipse-javadoc/Handler> (0x00000000d58cddb0) 
thrown [s\src\hotspot\share\classfile\systemDictionary.cpp, line 312]
Event: 42.223 Thread 0x0000023bcf7e7150 Exception <a 'java/lang/ClassNotFoundException'{0x00000000d58f2ea8}: sun/net/www/protocol/eclipse-javadoc/Handler> (0x00000000d58f2ea8) 
thrown [s\src\hotspot\share\classfile\systemDictionary.cpp, line 312]
Event: 42.223 Thread 0x0000023bcf7e8500 Exception <a 'java/lang/ClassNotFoundException'{0x00000000d58e4400}: sun/net/www/protocol/eclipse-javadoc/Handler> (0x00000000d58e4400) 
thrown [s\src\hotspot\share\classfile\systemDictionary.cpp, line 312]
Event: 42.223 Thread 0x0000023bcf7e77e0 Exception <a 'java/lang/ClassNotFoundException'{0x00000000d58daf58}: sun/net/www/protocol/eclipse-javadoc/Handler> (0x00000000d58daf58) 
thrown [s\src\hotspot\share\classfile\systemDictionary.cpp, line 312]
Event: 44.131 Thread 0x0000023bcfc5ea90 Exception <a 'sun/nio/fs/WindowsException'{0x00000000d5a775b0}> (0x00000000d5a775b0) 
thrown [s\src\hotspot\share\prims\jni.cpp, line 520]
Event: 44.131 Thread 0x0000023bcfc5ea90 Exception <a 'sun/nio/fs/WindowsException'{0x00000000d5a77e48}> (0x00000000d5a77e48) 
thrown [s\src\hotspot\share\prims\jni.cpp, line 520]

ZGC Phase Switch (0 events):
No events

VM Operations (20 events):
Event: 102.163 Executing VM operation: ParallelGCFailedAllocation (Allocation Failure)
Event: 102.165 Executing VM operation: ParallelGCFailedAllocation (Allocation Failure) done
Event: 103.168 Executing VM operation: Cleanup
Event: 103.168 Executing VM operation: Cleanup done
Event: 107.193 Executing VM operation: Cleanup
Event: 107.193 Executing VM operation: Cleanup done
Event: 108.490 Executing VM operation: ParallelGCFailedAllocation (Allocation Failure)
Event: 108.492 Executing VM operation: ParallelGCFailedAllocation (Allocation Failure) done
Event: 108.523 Executing VM operation: ParallelGCFailedAllocation (Allocation Failure)
Event: 108.525 Executing VM operation: ParallelGCFailedAllocation (Allocation Failure) done
Event: 110.514 Executing VM operation: Cleanup
Event: 110.514 Executing VM operation: Cleanup done
Event: 120.240 Executing VM operation: HandshakeAllThreads (HandshakeForDeflation)
Event: 120.240 Executing VM operation: HandshakeAllThreads (HandshakeForDeflation) done
Event: 120.240 Executing VM operation: RendezvousGCThreads
Event: 120.240 Executing VM operation: RendezvousGCThreads done
Event: 128.024 Executing VM operation: ParallelGCFailedAllocation (Allocation Failure)
Event: 128.026 Executing VM operation: ParallelGCFailedAllocation (Allocation Failure) done
Event: 130.025 Executing VM operation: Cleanup
Event: 130.025 Executing VM operation: Cleanup done

Memory protections (0 events):
No events

Nmethod flushes (20 events):
Event: 27.641 Thread 0x0000023bedaa2940 flushing  nmethod 0x0000023bf14c6d10
Event: 27.641 Thread 0x0000023bedaa2940 flushing  nmethod 0x0000023bf14d5190
Event: 27.641 Thread 0x0000023bedaa2940 flushing  nmethod 0x0000023bf14d9010
Event: 27.641 Thread 0x0000023bedaa2940 flushing  nmethod 0x0000023bf14d9610
Event: 27.641 Thread 0x0000023bedaa2940 flushing  nmethod 0x0000023bf14d9e90
Event: 27.641 Thread 0x0000023bedaa2940 flushing  nmethod 0x0000023bf14da590
Event: 27.641 Thread 0x0000023bedaa2940 flushing  nmethod 0x0000023bf14dd190
Event: 27.641 Thread 0x0000023bedaa2940 flushing  nmethod 0x0000023bf14e5110
Event: 27.641 Thread 0x0000023bedaa2940 flushing  nmethod 0x0000023bf1500e10
Event: 27.641 Thread 0x0000023bedaa2940 flushing  nmethod 0x0000023bf1508a10
Event: 27.641 Thread 0x0000023bedaa2940 flushing  nmethod 0x0000023bf156bc10
Event: 27.641 Thread 0x0000023bedaa2940 flushing  nmethod 0x0000023bf156d710
Event: 27.641 Thread 0x0000023bedaa2940 flushing  nmethod 0x0000023bf156e110
Event: 27.641 Thread 0x0000023bedaa2940 flushing  nmethod 0x0000023bf156fa10
Event: 27.641 Thread 0x0000023bedaa2940 flushing  nmethod 0x0000023bf157bc10
Event: 27.641 Thread 0x0000023bedaa2940 flushing  nmethod 0x0000023bf157c390
Event: 27.641 Thread 0x0000023bedaa2940 flushing  nmethod 0x0000023bf157c710
Event: 27.641 Thread 0x0000023bedaa2940 flushing  nmethod 0x0000023bf157ca90
Event: 27.641 Thread 0x0000023bedaa2940 flushing  nmethod 0x0000023bf157d910
Event: 27.641 Thread 0x0000023bedaa2940 flushing  nmethod 0x0000023bf15b1290

Events (20 events):
Event: 98.407 Thread 0x0000023b845ca610 Thread added: 0x0000023bd0308b90
Event: 98.426 Thread 0x0000023b845ca610 Thread added: 0x0000023bd0307050
Event: 98.741 Thread 0x0000023bd0307050 Thread exited: 0x0000023bd0307050
Event: 100.108 Thread 0x0000023bd0308b90 Thread exited: 0x0000023bd0308b90
Event: 100.111 Thread 0x0000023bcc09c990 Thread exited: 0x0000023bcc09c990
Event: 100.127 Thread 0x0000023b845ca610 Thread added: 0x0000023bd0308b90
Event: 100.150 Thread 0x0000023b845ca610 Thread added: 0x0000023bd0303300
Event: 102.112 Thread 0x0000023bd0303300 Thread exited: 0x0000023bd0303300
Event: 102.134 Thread 0x0000023b845ca610 Thread added: 0x0000023bd03040a0
Event: 104.967 Thread 0x0000023bd03040a0 Thread exited: 0x0000023bd03040a0
Event: 104.969 Thread 0x0000023bcc09f0f0 Thread exited: 0x0000023bcc09f0f0
Event: 106.678 Thread 0x0000023bd0308b90 Thread exited: 0x0000023bd0308b90
Event: 108.489 Thread 0x0000023b845ca610 Thread added: 0x0000023bd030a000
Event: 108.489 Thread 0x0000023b845ca610 Thread added: 0x0000023bd03040a0
Event: 108.955 Thread 0x0000023bd03040a0 Thread exited: 0x0000023bd03040a0
Event: 108.956 Thread 0x0000023bd030a000 Thread exited: 0x0000023bd030a000
Event: 128.019 Thread 0x0000023b845ca610 Thread added: 0x0000023bd03039d0
Event: 128.019 Thread 0x0000023b845ca610 Thread added: 0x0000023bd0307050
Event: 133.364 Thread 0x0000023bd0307050 Thread exited: 0x0000023bd0307050
Event: 138.323 Thread 0x0000023bd03039d0 Thread exited: 0x0000023bd03039d0


Dynamic libraries:
0x00007ff7da770000 - 0x00007ff7da77e000 	c:\Users\SENA\.vscode\extensions\redhat.java-1.45.0-win32-x64\jre\21.0.8-win32-x86_64\bin\java.exe
0x00007ffd33950000 - 0x00007ffd33b48000 	C:\Windows\SYSTEM32\ntdll.dll
0x00007ffd32cc0000 - 0x00007ffd32d82000 	C:\Windows\System32\KERNEL32.DLL
0x00007ffd311d0000 - 0x00007ffd314c6000 	C:\Windows\System32\KERNELBASE.dll
0x00007ffd316f0000 - 0x00007ffd317f0000 	C:\Windows\System32\ucrtbase.dll
0x00007ffd23b60000 - 0x00007ffd23b78000 	c:\Users\SENA\.vscode\extensions\redhat.java-1.45.0-win32-x64\jre\21.0.8-win32-x86_64\bin\jli.dll
0x00007ffd31a20000 - 0x00007ffd31bbd000 	C:\Windows\System32\USER32.dll
0x00007ffd315f0000 - 0x00007ffd31612000 	C:\Windows\System32\win32u.dll
0x00007ffd327d0000 - 0x00007ffd327fb000 	C:\Windows\System32\GDI32.dll
0x00007ffd314d0000 - 0x00007ffd315e9000 	C:\Windows\System32\gdi32full.dll
0x00007ffd31620000 - 0x00007ffd316bd000 	C:\Windows\System32\msvcp_win.dll
0x00007ffd23b40000 - 0x00007ffd23b5e000 	c:\Users\SENA\.vscode\extensions\redhat.java-1.45.0-win32-x64\jre\21.0.8-win32-x86_64\bin\VCRUNTIME140.dll
0x00007ffd1e340000 - 0x00007ffd1e5db000 	C:\Windows\WinSxS\amd64_microsoft.windows.common-controls_6595b64144ccf1df_6.0.19041.6280_none_60bc30a171f2f3f3\COMCTL32.dll
0x00007ffd32a80000 - 0x00007ffd32b1e000 	C:\Windows\System32\msvcrt.dll
0x00007ffd31f80000 - 0x00007ffd31faf000 	C:\Windows\System32\IMM32.DLL
0x00007ffd21bf0000 - 0x00007ffd21bfc000 	c:\Users\SENA\.vscode\extensions\redhat.java-1.45.0-win32-x64\jre\21.0.8-win32-x86_64\bin\vcruntime140_1.dll
0x00007ffd09a30000 - 0x00007ffd09abd000 	c:\Users\SENA\.vscode\extensions\redhat.java-1.45.0-win32-x64\jre\21.0.8-win32-x86_64\bin\msvcp140.dll
0x00007ffcf89d0000 - 0x00007ffcf9767000 	c:\Users\SENA\.vscode\extensions\redhat.java-1.45.0-win32-x64\jre\21.0.8-win32-x86_64\bin\server\jvm.dll
0x00007ffd32f30000 - 0x00007ffd32fe1000 	C:\Windows\System32\ADVAPI32.dll
0x00007ffd31980000 - 0x00007ffd31a1f000 	C:\Windows\System32\sechost.dll
0x00007ffd32d90000 - 0x00007ffd32eb0000 	C:\Windows\System32\RPCRT4.dll
0x00007ffd316c0000 - 0x00007ffd316e7000 	C:\Windows\System32\bcrypt.dll
0x00007ffd32eb0000 - 0x00007ffd32f1b000 	C:\Windows\System32\WS2_32.dll
0x00007ffd281e0000 - 0x00007ffd28207000 	C:\Windows\SYSTEM32\WINMM.dll
0x00007ffd30b60000 - 0x00007ffd30bab000 	C:\Windows\SYSTEM32\POWRPROF.dll
0x00007ffd28210000 - 0x00007ffd2821a000 	C:\Windows\SYSTEM32\VERSION.dll
0x00007ffd30b40000 - 0x00007ffd30b52000 	C:\Windows\SYSTEM32\UMPDC.dll
0x00007ffd2ee90000 - 0x00007ffd2eea2000 	C:\Windows\SYSTEM32\kernel.appcore.dll
0x00007ffd19f20000 - 0x00007ffd19f2a000 	c:\Users\SENA\.vscode\extensions\redhat.java-1.45.0-win32-x64\jre\21.0.8-win32-x86_64\bin\jimage.dll
0x00007ffd28490000 - 0x00007ffd28691000 	C:\Windows\SYSTEM32\DBGHELP.DLL
0x00007ffd1a620000 - 0x00007ffd1a654000 	C:\Windows\SYSTEM32\dbgcore.DLL
0x00007ffd317f0000 - 0x00007ffd31872000 	C:\Windows\System32\bcryptPrimitives.dll
0x00007ffd16cc0000 - 0x00007ffd16ccf000 	c:\Users\SENA\.vscode\extensions\redhat.java-1.45.0-win32-x64\jre\21.0.8-win32-x86_64\bin\instrument.dll
0x00007ffd09f10000 - 0x00007ffd09f2f000 	c:\Users\SENA\.vscode\extensions\redhat.java-1.45.0-win32-x64\jre\21.0.8-win32-x86_64\bin\java.dll
0x00007ffd32060000 - 0x00007ffd327d0000 	C:\Windows\System32\SHELL32.dll
0x00007ffd2f090000 - 0x00007ffd2f835000 	C:\Windows\SYSTEM32\windows.storage.dll
0x00007ffd32ff0000 - 0x00007ffd33343000 	C:\Windows\System32\combase.dll
0x00007ffd309a0000 - 0x00007ffd309cb000 	C:\Windows\SYSTEM32\Wldp.dll
0x00007ffd329b0000 - 0x00007ffd32a7d000 	C:\Windows\System32\OLEAUT32.dll
0x00007ffd31fb0000 - 0x00007ffd3205d000 	C:\Windows\System32\SHCORE.dll
0x00007ffd338b0000 - 0x00007ffd3390b000 	C:\Windows\System32\shlwapi.dll
0x00007ffd30f20000 - 0x00007ffd30f44000 	C:\Windows\SYSTEM32\profapi.dll
0x00007ffd09ef0000 - 0x00007ffd09f08000 	c:\Users\SENA\.vscode\extensions\redhat.java-1.45.0-win32-x64\jre\21.0.8-win32-x86_64\bin\zip.dll
0x00007ffd16c20000 - 0x00007ffd16c30000 	C:\Users\SENA\.vscode\extensions\redhat.java-1.45.0-win32-x64\jre\21.0.8-win32-x86_64\bin\net.dll
0x00007ffd2a0a0000 - 0x00007ffd2a1aa000 	C:\Windows\SYSTEM32\WINHTTP.dll
0x00007ffd306b0000 - 0x00007ffd3071a000 	C:\Windows\system32\mswsock.dll
0x00007ffd099c0000 - 0x00007ffd099d6000 	C:\Users\SENA\.vscode\extensions\redhat.java-1.45.0-win32-x64\jre\21.0.8-win32-x86_64\bin\nio.dll
0x00007ffd13a10000 - 0x00007ffd13a20000 	c:\Users\SENA\.vscode\extensions\redhat.java-1.45.0-win32-x64\jre\21.0.8-win32-x86_64\bin\verify.dll
0x00007ffd16f60000 - 0x00007ffd16fa4000 	C:\Users\SENA\AppData\Roaming\Code\User\globalStorage\redhat.java\1.45.0\config_win\org.eclipse.equinox.launcher\org.eclipse.equinox.launcher.win32.win32.x86_64_1.2.1400.v20250801-0854\eclipse_11916.dll
0x00007ffd32b20000 - 0x00007ffd32c4b000 	C:\Windows\System32\ole32.dll
0x00007ffd30900000 - 0x00007ffd30918000 	C:\Windows\SYSTEM32\CRYPTSP.dll
0x00007ffd2ffd0000 - 0x00007ffd30008000 	C:\Windows\system32\rsaenh.dll
0x00007ffd30ea0000 - 0x00007ffd30ece000 	C:\Windows\SYSTEM32\USERENV.dll
0x00007ffd30a40000 - 0x00007ffd30a4c000 	C:\Windows\SYSTEM32\CRYPTBASE.dll
0x00007ffd30390000 - 0x00007ffd303cb000 	C:\Windows\SYSTEM32\IPHLPAPI.DLL
0x00007ffd33350000 - 0x00007ffd33358000 	C:\Windows\System32\NSI.dll
0x00007ffd16530000 - 0x00007ffd16579000 	C:\Users\SENA\AppData\Local\Temp\jna-2541445\jna4252479912152992913.dll
0x00007ffd32c50000 - 0x00007ffd32c58000 	C:\Windows\System32\PSAPI.DLL
0x00007ffd2b440000 - 0x00007ffd2b457000 	C:\Windows\SYSTEM32\dhcpcsvc6.DLL
0x00007ffd2b420000 - 0x00007ffd2b43d000 	C:\Windows\SYSTEM32\dhcpcsvc.DLL
0x00007ffd16f50000 - 0x00007ffd16f5e000 	C:\Users\SENA\.vscode\extensions\redhat.java-1.45.0-win32-x64\jre\21.0.8-win32-x86_64\bin\sunmscapi.dll
0x00007ffd30ff0000 - 0x00007ffd3114d000 	C:\Windows\System32\CRYPT32.dll
0x00007ffd30a10000 - 0x00007ffd30a37000 	C:\Windows\SYSTEM32\ncrypt.dll
0x00007ffd309d0000 - 0x00007ffd30a0b000 	C:\Windows\SYSTEM32\NTASN1.dll

JVMTI agents:
c:\Users\SENA\.vscode\extensions\redhat.java-1.45.0-win32-x64\lombok\lombok-1.18.39-4050.jar path:c:\Users\SENA\.vscode\extensions\redhat.java-1.45.0-win32-x64\jre\21.0.8-win32-x86_64\bin\instrument.dll, loaded, initialized, instrumentlib options:none

dbghelp: loaded successfully - version: 4.0.5 - missing functions: none
symbol engine: initialized successfully - sym options: 0x614 - pdb path: .;c:\Users\SENA\.vscode\extensions\redhat.java-1.45.0-win32-x64\jre\21.0.8-win32-x86_64\bin;C:\Windows\SYSTEM32;C:\Windows\WinSxS\amd64_microsoft.windows.common-controls_6595b64144ccf1df_6.0.19041.6280_none_60bc30a171f2f3f3;c:\Users\SENA\.vscode\extensions\redhat.java-1.45.0-win32-x64\jre\21.0.8-win32-x86_64\bin\server;C:\Users\SENA\AppData\Roaming\Code\User\globalStorage\redhat.java\1.45.0\config_win\org.eclipse.equinox.launcher\org.eclipse.equinox.launcher.win32.win32.x86_64_1.2.1400.v20250801-0854;C:\Users\SENA\AppData\Local\Temp\jna-2541445

VM Arguments:
jvm_args: --add-modules=ALL-SYSTEM --add-opens=java.base/java.util=ALL-UNNAMED --add-opens=java.base/java.lang=ALL-UNNAMED --add-opens=java.base/sun.nio.fs=ALL-UNNAMED -Declipse.application=org.eclipse.jdt.ls.core.id1 -Dosgi.bundles.defaultStartLevel=4 -Declipse.product=org.eclipse.jdt.ls.core.product -Djava.import.generatesMetadataFilesAtProjectRoot=false -DDetectVMInstallationsJob.disabled=true -Dfile.encoding=utf8 -XX:+UseParallelGC -XX:GCTimeRatio=4 -XX:AdaptiveSizePolicyWeight=90 -Dsun.zip.disableMemoryMapping=true -Xmx2G -Xms100m -Xlog:disable -javaagent:c:\Users\SENA\.vscode\extensions\redhat.java-1.45.0-win32-x64\lombok\lombok-1.18.39-4050.jar -XX:+HeapDumpOnOutOfMemoryError -XX:HeapDumpPath=c:\Users\SENA\AppData\Roaming\Code\User\workspaceStorage\53cea86af726badce9eb96622a746f7b\redhat.java -Daether.dependencyCollector.impl=bf 
java_command: c:\Users\SENA\.vscode\extensions\redhat.java-1.45.0-win32-x64\server\plugins\org.eclipse.equinox.launcher_1.7.0.v20250519-0528.jar -configuration c:\Users\SENA\AppData\Roaming\Code\User\globalStorage\redhat.java\1.45.0\config_win -data c:\Users\SENA\AppData\Roaming\Code\User\workspaceStorage\53cea86af726badce9eb96622a746f7b\redhat.java\jdt_ws --pipe=\\.\pipe\lsp-330a2fc52547f8dbcfae6f434a96faae-sock
java_class_path (initial): c:\Users\SENA\.vscode\extensions\redhat.java-1.45.0-win32-x64\server\plugins\org.eclipse.equinox.launcher_1.7.0.v20250519-0528.jar
Launcher Type: SUN_STANDARD

[Global flags]
    uintx AdaptiveSizePolicyWeight                 = 90                                        {product} {command line}
     intx CICompilerCount                          = 4                                         {product} {ergonomic}
    uintx GCTimeRatio                              = 4                                         {product} {command line}
     bool HeapDumpOnOutOfMemoryError               = true                                   {manageable} {command line}
    ccstr HeapDumpPath                             = c:\Users\SENA\AppData\Roaming\Code\User\workspaceStorage\53cea86af726badce9eb96622a746f7b\redhat.java         {manageable} {command line}
   size_t InitialHeapSize                          = 104857600                                 {product} {command line}
   size_t MaxHeapSize                              = 2147483648                                {product} {command line}
   size_t MaxNewSize                               = 715653120                                 {product} {ergonomic}
   size_t MinHeapDeltaBytes                        = 524288                                    {product} {ergonomic}
   size_t MinHeapSize                              = 104857600                                 {product} {command line}
   size_t NewSize                                  = 34603008                                  {product} {ergonomic}
    uintx NonNMethodCodeHeapSize                   = 5839372                                {pd product} {ergonomic}
    uintx NonProfiledCodeHeapSize                  = 122909434                              {pd product} {ergonomic}
   size_t OldSize                                  = 70254592                                  {product} {ergonomic}
    uintx ProfiledCodeHeapSize                     = 122909434                              {pd product} {ergonomic}
    uintx ReservedCodeCacheSize                    = 251658240                              {pd product} {ergonomic}
     bool SegmentedCodeCache                       = true                                      {product} {ergonomic}
   size_t SoftMaxHeapSize                          = 2147483648                             {manageable} {ergonomic}
     bool UseCompressedOops                        = true                           {product lp64_product} {ergonomic}
     bool UseLargePagesIndividualAllocation        = false                                  {pd product} {ergonomic}
     bool UseParallelGC                            = true                                      {product} {command line}

Logging:
Log output configuration:
 #0: stdout all=off uptime,level,tags foldmultilines=false
 #1: stderr all=off uptime,level,tags foldmultilines=false

Environment Variables:
PATH=C:\Users\SENA\bin;C:\Program Files\Git\mingw64\bin;C:\Program Files\Git\usr\local\bin;C:\Program Files\Git\usr\bin;C:\Program Files\Git\usr\bin;C:\Program Files\Git\mingw64\bin;C:\Program Files\Git\usr\bin;C:\Users\SENA\bin;C:\Program Files\Common Files\Oracle\Java\javapath;C:\Windows\system32;C:\Windows;C:\Windows\System32\Wbem;C:\Windows\System32\WindowsPowerShell\v1.0;C:\Windows\System32\OpenSSH;C:\Program Files\nodejs;C:\Program Files\Git\cmd;C:\Program Files\MongoDB\Server\8.0\bin;C:\Program Files\MongoDB\mongosh-2.5.5-win32-x64\bin;C:\Users\SENA\AppData\Local\Microsoft\WindowsApps;C:\Users\SENA\AppData\Local\Programs\Microsoft VS Code\bin;C:\Users\SENA\AppData\Roaming\npm;C:\Program Files\Git\usr\bin\vendor_perl;C:\Program Files\Git\usr\bin\core_perl
USERNAME=SENA
SHELL=C:\Program Files\Git\usr\bin\bash.exe
DISPLAY=needs-to-be-defined
LC_CTYPE=es_MX.UTF-8
TERM=xterm
TMPDIR=C:\Users\SENA\AppData\Local\Temp
OS=Windows_NT
PROCESSOR_IDENTIFIER=AMD64 Family 23 Model 17 Stepping 0, AuthenticAMD
TMP=C:\Users\SENA\AppData\Local\Temp
TEMP=C:\Users\SENA\AppData\Local\Temp




Periodic native trim disabled

---------------  S Y S T E M  ---------------

OS:
 Windows 10 , 64 bit Build 19041 (10.0.19041.5915)
OS uptime: 13 days 22:19 hours

CPU: total 8 (initial active 8) (8 cores per cpu, 2 threads per core) family 23 model 17 stepping 0 microcode 0x0, cx8, cmov, fxsr, ht, mmx, 3dnowpref, sse, sse2, sse3, ssse3, sse4a, sse4.1, sse4.2, popcnt, lzcnt, tsc, tscinvbit, avx, avx2, aes, clmul, bmi1, bmi2, adx, sha, fma, vzeroupper, clflush, clflushopt, rdtscp, f16c
Processor Information for the first 8 processors :
  Max Mhz: 3600, Current Mhz: 3600, Mhz Limit: 3600

Memory: 4k page, system-wide physical 15284M (8732M free)
TotalPageFile size 17976M (AvailPageFile size 9938M)
current process WorkingSet (physical memory assigned to process): 445M, peak: 474M
current process commit charge ("private bytes"): 533M, peak: 550M

vm_info: OpenJDK 64-Bit Server VM (21.0.8+9-LTS) for windows-amd64 JRE (21.0.8+9-LTS), built on 2025-07-15T00:00:00Z by "admin" with MS VC++ 17.7 (VS2022)

END.
